{"message":"[STARTED] Blockchain application, listening on port 3001","level":"info","service":"user-service"}
{"message":"New block added Block - \n            Timestamp: 1583453844757\n            Last Hash: w31c0m3\n            Hash: a03f6f47e6\n            data: [object Object]\n        ","level":"info","service":"user-service"}
{"message":"New block added Block - \n            Timestamp: 1583453845738\n            Last Hash: a03f6f47e6\n            Hash: b0ff27175a\n            data: [object Object]\n        ","level":"info","service":"user-service"}
{"message":"New block added Block - \n            Timestamp: 1583453846306\n            Last Hash: b0ff27175a\n            Hash: b69ed88ad2\n            data: [object Object]\n        ","level":"info","service":"user-service"}
{"message":"New block added Block - \n            Timestamp: 1583453857219\n            Last Hash: b69ed88ad2\n            Hash: 218446ce33\n            data: [object Object]\n        ","level":"info","service":"user-service"}
{"message":"New block added Block - \n            Timestamp: 1583453857754\n            Last Hash: 218446ce33\n            Hash: c792f25826\n            data: [object Object]\n        ","level":"info","service":"user-service"}
{"message":"New block added Block - \n            Timestamp: 1583453858141\n            Last Hash: c792f25826\n            Hash: a3d658d65a\n            data: [object Object]\n        ","level":"info","service":"user-service"}
{"message":"[STARTED] Blockchain application, listening on port 3001","level":"info","service":"user-service"}
{"message":"New block added Block - \n            Timestamp: 1583453906420\n            Last Hash: w31c0m3\n            Hash: a6dd4292d3\n            data: [object Object]\n        ","level":"info","service":"user-service"}
{"message":"New block added Block - \n            Timestamp: 1583453906728\n            Last Hash: a6dd4292d3\n            Hash: 992e5aeb53\n            data: [object Object]\n        ","level":"info","service":"user-service"}
{"message":"[STARTED] Blockchain application, listening on port 3001","level":"info","service":"user-service"}
{"message":"[STARTED] Blockchain application, listening on port 3001","level":"info","service":"user-service"}
{"message":"[STARTED] Blockchain application, listening on port 3001","level":"info","service":"user-service"}
{"message":"Listening for P2P connections on: 5001","level":"info","service":"user-service"}
{"message":"[STARTED] Blockchain application, listening on port 3001","level":"info","service":"user-service"}
{"message":"Listening for P2P connections on: 5001","level":"info","service":"user-service"}
{"message":"[STARTED] Blockchain application, listening on port 3001","level":"info","service":"user-service"}
{"message":"[STARTED] Listening for P2P connections on: 5001","level":"info","service":"user-service"}
{"message":"[STARTED] Blockchain application, listening on port 3001","level":"info","service":"user-service"}
{"message":"[STARTED] WebSocket Server Listening for P2P connections on: 5001","level":"info","service":"user-service"}
{"message":"[STARTED] Blockchain application, listening on port 3001","level":"info","service":"user-service"}
{"message":"[STARTED] WebSockets Listening for P2P connections on: 5001","level":"info","service":"user-service"}
{"message":"[STARTED] Blockchain application, listening on port 3001","level":"info","service":"user-service"}
{"message":"[STARTED] WebSockets, listening for P2P connections on: 5001","level":"info","service":"user-service"}
{"message":"[STARTED] Blockchain application, listening on port 3001","level":"info","service":"user-service"}
{"message":"[STARTED] WebSockets, listening for P2P connections on: 5001","level":"info","service":"user-service"}
{"message":"[STARTED] Blockchain application, listening on port 3001","level":"info","service":"user-service"}
{"message":"[STARTED] WebSockets, listening for P2P connections on: 8080","level":"info","service":"user-service"}
{"message":"[STARTED] Blockchain application, listening on port 1337","level":"info","service":"user-service"}
{"message":"Socket connected: [object Object]","level":"info","service":"user-service"}
{"message":"[STARTED] WebSockets, listening for P2P connections on: 5001","level":"info","service":"user-service"}
{"message":"[STARTED] Blockchain application, listening on port 3001","level":"info","service":"user-service"}
{"message":"[STARTED] WebSockets, listening for P2P connections on: 8080","level":"info","service":"user-service"}
{"message":"[STARTED] Blockchain application, listening on port 1337","level":"info","service":"user-service"}
{"message":"[STARTED] WebSockets, listening for P2P connections on: 5001","level":"info","service":"user-service"}
{"message":"[STARTED] Blockchain application, listening on port 3001","level":"info","service":"user-service"}
{"message":"[STARTED] WebSockets, listening for P2P connections on: 8080","level":"info","service":"user-service"}
{"message":"[STARTED] Blockchain application, listening on port 1337","level":"info","service":"user-service"}
{"message":"Socket connected: [object Object]","level":"info","service":"user-service"}
{"message":"[STARTED] WebSockets, listening for P2P connections on: 5001","level":"info","service":"user-service"}
{"message":"[STARTED] Blockchain application, listening on port 3001","level":"info","service":"user-service"}
{"message":"[STARTED] WebSockets, listening for P2P connections on: 8080","level":"info","service":"user-service"}
{"message":"[STARTED] Blockchain application, listening on port 1337","level":"info","service":"user-service"}
{"service":"user-service","_events":{},"_eventsCount":1,"readyState":1,"protocol":"","_binaryType":"nodebuffer","_closeFrameReceived":false,"_closeFrameSent":false,"_closeMessage":"","_closeTimer":null,"_closeCode":1006,"_extensions":{},"_receiver":{"_writableState":{"objectMode":false,"highWaterMark":16384,"finalCalled":false,"needDrain":false,"ending":false,"ended":false,"finished":false,"destroyed":false,"decodeStrings":true,"defaultEncoding":"utf8","length":0,"writing":false,"corked":0,"sync":true,"bufferProcessing":false,"writecb":null,"writelen":0,"bufferedRequest":null,"lastBufferedRequest":null,"pendingcb":0,"prefinished":false,"errorEmitted":false,"emitClose":true,"autoDestroy":false,"bufferedRequestCount":0,"corkedRequestsFree":{"next":null,"entry":null}},"writable":true,"_events":{},"_eventsCount":6,"_binaryType":"nodebuffer","_extensions":{},"_maxPayload":104857600,"_bufferedBytes":0,"_buffers":[],"_compressed":false,"_payloadLength":0,"_fragmented":0,"_masked":false,"_fin":false,"_opcode":0,"_totalPayloadLength":0,"_messageLength":0,"_fragments":[],"_state":0,"_loop":false},"_sender":{"_extensions":{},"_socket":{"connecting":false,"_hadError":false,"_parent":null,"_host":"localhost","_readableState":{"objectMode":false,"highWaterMark":16384,"buffer":{"head":null,"tail":null,"length":0},"length":0,"pipes":null,"pipesCount":0,"flowing":true,"ended":false,"endEmitted":false,"reading":false,"sync":false,"needReadable":true,"emittedReadable":false,"readableListening":false,"resumeScheduled":true,"paused":false,"emitClose":false,"autoDestroy":false,"destroyed":false,"defaultEncoding":"utf8","awaitDrain":0,"readingMore":false,"decoder":null,"encoding":null},"readable":true,"_events":{"end":[null,null]},"_eventsCount":4,"_writableState":{"objectMode":false,"highWaterMark":16384,"finalCalled":false,"needDrain":false,"ending":false,"ended":false,"finished":false,"destroyed":false,"decodeStrings":false,"defaultEncoding":"utf8","length":0,"writing":false,"corked":0,"sync":false,"bufferProcessing":false,"writecb":null,"writelen":0,"bufferedRequest":null,"lastBufferedRequest":null,"pendingcb":0,"prefinished":false,"errorEmitted":false,"emitClose":false,"autoDestroy":false,"bufferedRequestCount":0,"corkedRequestsFree":{"next":null,"entry":null}},"writable":true,"allowHalfOpen":false,"_sockname":null,"_pendingData":null,"_pendingEncoding":"","server":null,"_server":null,"parser":null,"_httpMessage":null,"timeout":0},"_firstFragment":true,"_compress":false,"_bufferedBytes":0,"_deflating":false,"_queue":[]},"_socket":{"connecting":false,"_hadError":false,"_parent":null,"_host":"localhost","_readableState":{"objectMode":false,"highWaterMark":16384,"buffer":{"head":null,"tail":null,"length":0},"length":0,"pipes":null,"pipesCount":0,"flowing":true,"ended":false,"endEmitted":false,"reading":false,"sync":false,"needReadable":true,"emittedReadable":false,"readableListening":false,"resumeScheduled":true,"paused":false,"emitClose":false,"autoDestroy":false,"destroyed":false,"defaultEncoding":"utf8","awaitDrain":0,"readingMore":false,"decoder":null,"encoding":null},"readable":true,"_events":{"end":[null,null]},"_eventsCount":4,"_writableState":{"objectMode":false,"highWaterMark":16384,"finalCalled":false,"needDrain":false,"ending":false,"ended":false,"finished":false,"destroyed":false,"decodeStrings":false,"defaultEncoding":"utf8","length":0,"writing":false,"corked":0,"sync":false,"bufferProcessing":false,"writecb":null,"writelen":0,"bufferedRequest":null,"lastBufferedRequest":null,"pendingcb":0,"prefinished":false,"errorEmitted":false,"emitClose":false,"autoDestroy":false,"bufferedRequestCount":0,"corkedRequestsFree":{"next":null,"entry":null}},"writable":true,"allowHalfOpen":false,"_sockname":null,"_pendingData":null,"_pendingEncoding":"","server":null,"_server":null,"parser":null,"_httpMessage":null,"timeout":0},"_bufferedAmount":0,"_isServer":false,"_redirects":0,"url":"ws://localhost:5001","_req":null,"level":"info","message":"Socket connected: "}
{"message":"[STARTED] WebSockets, listening for P2P connections on: 5001","level":"info","service":"user-service"}
{"message":"[STARTED] Blockchain application, listening on port 3001","level":"info","service":"user-service"}
{"message":"[STARTED] WebSockets, listening for P2P connections on: 8080","level":"info","service":"user-service"}
{"message":"[STARTED] Blockchain application, listening on port 1337","level":"info","service":"user-service"}
{"service":"user-service","level":"info","message":{"_events":{},"_eventsCount":1,"readyState":1,"protocol":"","_binaryType":"nodebuffer","_closeFrameReceived":false,"_closeFrameSent":false,"_closeMessage":"","_closeTimer":null,"_closeCode":1006,"_extensions":{},"_receiver":{"_writableState":{"objectMode":false,"highWaterMark":16384,"finalCalled":false,"needDrain":false,"ending":false,"ended":false,"finished":false,"destroyed":false,"decodeStrings":true,"defaultEncoding":"utf8","length":0,"writing":false,"corked":0,"sync":true,"bufferProcessing":false,"writecb":null,"writelen":0,"bufferedRequest":null,"lastBufferedRequest":null,"pendingcb":0,"prefinished":false,"errorEmitted":false,"emitClose":true,"autoDestroy":false,"bufferedRequestCount":0,"corkedRequestsFree":{"next":null,"entry":null}},"writable":true,"_events":{},"_eventsCount":6,"_binaryType":"nodebuffer","_extensions":{},"_maxPayload":104857600,"_bufferedBytes":0,"_buffers":[],"_compressed":false,"_payloadLength":0,"_fragmented":0,"_masked":false,"_fin":false,"_opcode":0,"_totalPayloadLength":0,"_messageLength":0,"_fragments":[],"_state":0,"_loop":false},"_sender":{"_extensions":{},"_socket":{"connecting":false,"_hadError":false,"_parent":null,"_host":"localhost","_readableState":{"objectMode":false,"highWaterMark":16384,"buffer":{"head":null,"tail":null,"length":0},"length":0,"pipes":null,"pipesCount":0,"flowing":true,"ended":false,"endEmitted":false,"reading":false,"sync":false,"needReadable":true,"emittedReadable":false,"readableListening":false,"resumeScheduled":true,"paused":false,"emitClose":false,"autoDestroy":false,"destroyed":false,"defaultEncoding":"utf8","awaitDrain":0,"readingMore":false,"decoder":null,"encoding":null},"readable":true,"_events":{"end":[null,null]},"_eventsCount":4,"_writableState":{"objectMode":false,"highWaterMark":16384,"finalCalled":false,"needDrain":false,"ending":false,"ended":false,"finished":false,"destroyed":false,"decodeStrings":false,"defaultEncoding":"utf8","length":0,"writing":false,"corked":0,"sync":false,"bufferProcessing":false,"writecb":null,"writelen":0,"bufferedRequest":null,"lastBufferedRequest":null,"pendingcb":0,"prefinished":false,"errorEmitted":false,"emitClose":false,"autoDestroy":false,"bufferedRequestCount":0,"corkedRequestsFree":{"next":null,"entry":null}},"writable":true,"allowHalfOpen":false,"_sockname":null,"_pendingData":null,"_pendingEncoding":"","server":null,"_server":null,"parser":null,"_httpMessage":null,"timeout":0},"_firstFragment":true,"_compress":false,"_bufferedBytes":0,"_deflating":false,"_queue":[]},"_socket":{"connecting":false,"_hadError":false,"_parent":null,"_host":"localhost","_readableState":{"objectMode":false,"highWaterMark":16384,"buffer":{"head":null,"tail":null,"length":0},"length":0,"pipes":null,"pipesCount":0,"flowing":true,"ended":false,"endEmitted":false,"reading":false,"sync":false,"needReadable":true,"emittedReadable":false,"readableListening":false,"resumeScheduled":true,"paused":false,"emitClose":false,"autoDestroy":false,"destroyed":false,"defaultEncoding":"utf8","awaitDrain":0,"readingMore":false,"decoder":null,"encoding":null},"readable":true,"_events":{"end":[null,null]},"_eventsCount":4,"_writableState":{"objectMode":false,"highWaterMark":16384,"finalCalled":false,"needDrain":false,"ending":false,"ended":false,"finished":false,"destroyed":false,"decodeStrings":false,"defaultEncoding":"utf8","length":0,"writing":false,"corked":0,"sync":false,"bufferProcessing":false,"writecb":null,"writelen":0,"bufferedRequest":null,"lastBufferedRequest":null,"pendingcb":0,"prefinished":false,"errorEmitted":false,"emitClose":false,"autoDestroy":false,"bufferedRequestCount":0,"corkedRequestsFree":{"next":null,"entry":null}},"writable":true,"allowHalfOpen":false,"_sockname":null,"_pendingData":null,"_pendingEncoding":"","server":null,"_server":null,"parser":null,"_httpMessage":null,"timeout":0},"_bufferedAmount":0,"_isServer":false,"_redirects":0,"url":"ws://localhost:5001","_req":null}}
{"message":"[STARTED] WebSockets, listening for P2P connections on: 5001","level":"info","service":"user-service"}
{"message":"[STARTED] Blockchain application, listening on port 3001","level":"info","service":"user-service"}
{"message":"[STARTED] WebSockets, listening for P2P connections on: 8080","level":"info","service":"user-service"}
{"message":"[STARTED] Blockchain application, listening on port 1337","level":"info","service":"user-service"}
{"service":"user-service","_events":{},"_eventsCount":1,"readyState":1,"protocol":"","_binaryType":"nodebuffer","_closeFrameReceived":false,"_closeFrameSent":false,"_closeMessage":"","_closeTimer":null,"_closeCode":1006,"_extensions":{},"_receiver":{"_writableState":{"objectMode":false,"highWaterMark":16384,"finalCalled":false,"needDrain":false,"ending":false,"ended":false,"finished":false,"destroyed":false,"decodeStrings":true,"defaultEncoding":"utf8","length":0,"writing":false,"corked":0,"sync":true,"bufferProcessing":false,"writecb":null,"writelen":0,"bufferedRequest":null,"lastBufferedRequest":null,"pendingcb":0,"prefinished":false,"errorEmitted":false,"emitClose":true,"autoDestroy":false,"bufferedRequestCount":0,"corkedRequestsFree":{"next":null,"entry":null}},"writable":true,"_events":{},"_eventsCount":6,"_binaryType":"nodebuffer","_extensions":{},"_maxPayload":104857600,"_bufferedBytes":0,"_buffers":[],"_compressed":false,"_payloadLength":0,"_fragmented":0,"_masked":false,"_fin":false,"_opcode":0,"_totalPayloadLength":0,"_messageLength":0,"_fragments":[],"_state":0,"_loop":false},"_sender":{"_extensions":{},"_socket":{"connecting":false,"_hadError":false,"_parent":null,"_host":"localhost","_readableState":{"objectMode":false,"highWaterMark":16384,"buffer":{"head":null,"tail":null,"length":0},"length":0,"pipes":null,"pipesCount":0,"flowing":true,"ended":false,"endEmitted":false,"reading":false,"sync":false,"needReadable":true,"emittedReadable":false,"readableListening":false,"resumeScheduled":true,"paused":false,"emitClose":false,"autoDestroy":false,"destroyed":false,"defaultEncoding":"utf8","awaitDrain":0,"readingMore":false,"decoder":null,"encoding":null},"readable":true,"_events":{"end":[null,null]},"_eventsCount":4,"_writableState":{"objectMode":false,"highWaterMark":16384,"finalCalled":false,"needDrain":false,"ending":false,"ended":false,"finished":false,"destroyed":false,"decodeStrings":false,"defaultEncoding":"utf8","length":0,"writing":false,"corked":0,"sync":false,"bufferProcessing":false,"writecb":null,"writelen":0,"bufferedRequest":null,"lastBufferedRequest":null,"pendingcb":0,"prefinished":false,"errorEmitted":false,"emitClose":false,"autoDestroy":false,"bufferedRequestCount":0,"corkedRequestsFree":{"next":null,"entry":null}},"writable":true,"allowHalfOpen":false,"_sockname":null,"_pendingData":null,"_pendingEncoding":"","server":null,"_server":null,"parser":null,"_httpMessage":null,"timeout":0},"_firstFragment":true,"_compress":false,"_bufferedBytes":0,"_deflating":false,"_queue":[]},"_socket":{"connecting":false,"_hadError":false,"_parent":null,"_host":"localhost","_readableState":{"objectMode":false,"highWaterMark":16384,"buffer":{"head":null,"tail":null,"length":0},"length":0,"pipes":null,"pipesCount":0,"flowing":true,"ended":false,"endEmitted":false,"reading":false,"sync":false,"needReadable":true,"emittedReadable":false,"readableListening":false,"resumeScheduled":true,"paused":false,"emitClose":false,"autoDestroy":false,"destroyed":false,"defaultEncoding":"utf8","awaitDrain":0,"readingMore":false,"decoder":null,"encoding":null},"readable":true,"_events":{"end":[null,null]},"_eventsCount":4,"_writableState":{"objectMode":false,"highWaterMark":16384,"finalCalled":false,"needDrain":false,"ending":false,"ended":false,"finished":false,"destroyed":false,"decodeStrings":false,"defaultEncoding":"utf8","length":0,"writing":false,"corked":0,"sync":false,"bufferProcessing":false,"writecb":null,"writelen":0,"bufferedRequest":null,"lastBufferedRequest":null,"pendingcb":0,"prefinished":false,"errorEmitted":false,"emitClose":false,"autoDestroy":false,"bufferedRequestCount":0,"corkedRequestsFree":{"next":null,"entry":null}},"writable":true,"allowHalfOpen":false,"_sockname":null,"_pendingData":null,"_pendingEncoding":"","server":null,"_server":null,"parser":null,"_httpMessage":null,"timeout":0},"_bufferedAmount":0,"_isServer":false,"_redirects":0,"url":"ws://localhost:5001","_req":null,"level":"info","message":"Socket connected: "}
{"message":"[STARTED] WebSockets, listening for P2P connections on: 8080","level":"info","service":"user-service"}
{"message":"[STARTED] Blockchain application, listening on port 1337","level":"info","service":"user-service"}
{"message":"[STARTED] WebSockets, listening for P2P connections on: 8080","level":"info","service":"user-service"}
{"message":"[STARTED] Blockchain application, listening on port 1337","level":"info","service":"user-service"}
{"message":"[STARTED] WebSockets, listening for P2P connections on: 5001","level":"info","service":"user-service"}
{"message":"[STARTED] Blockchain application, listening on port 3001","level":"info","service":"user-service"}
{"message":"[STARTED] WebSockets, listening for P2P connections on: 5001","level":"info","service":"user-service"}
{"message":"[STARTED] Blockchain application, listening on port 3001","level":"info","service":"user-service"}
{"message":"[STARTED] WebSockets, listening for P2P connections on: 5001","level":"info","service":"user-service"}
{"message":"[STARTED] Blockchain application, listening on port 3001","level":"info","service":"user-service"}
{"message":"[STARTED] WebSockets, listening for P2P connections on: 8080","level":"info","service":"user-service"}
{"message":"[STARTED] Blockchain application, listening on port 1337","level":"info","service":"user-service"}
{"message":"Socket connected.","level":"info","service":"user-service"}
{"message":"[STARTED] WebSockets, listening for P2P connections on: 8079","level":"info","service":"user-service"}
{"message":"[STARTED] Blockchain application, listening on port 1338","level":"info","service":"user-service"}
{"message":"[STARTED] WebSockets, listening for P2P connections on: 8079","level":"info","service":"user-service"}
{"message":"[STARTED] Blockchain application, listening on port 1338","level":"info","service":"user-service"}
{"message":"Socket connected.","level":"info","service":"user-service"}
{"message":"[STARTED] WebSockets, listening for P2P connections on: 5001","level":"info","service":"user-service"}
{"message":"[STARTED] Blockchain application, listening on port 3001","level":"info","service":"user-service"}
{"message":"[STARTED] WebSockets, listening for P2P connections on: 8080","level":"info","service":"user-service"}
{"message":"[STARTED] Blockchain application, listening on port 1337","level":"info","service":"user-service"}
{"message":"Socket connected.","level":"info","service":"user-service"}
{"message":"[STARTED] WebSockets, listening for P2P connections on: 5001","level":"info","service":"user-service"}
{"message":"[STARTED] Blockchain application, listening on port 3001","level":"info","service":"user-service"}
{"message":"[STARTED] WebSockets, listening for P2P connections on: 5001","level":"info","service":"user-service"}
{"message":"[STARTED] Blockchain application, listening on port 3001","level":"info","service":"user-service"}
{"message":"[STARTED] WebSockets, listening for P2P connections on: 5002","level":"info","service":"user-service"}
{"message":"[STARTED] Blockchain application, listening on port 3002","level":"info","service":"user-service"}
{"message":"Socket connected.","level":"info","service":"user-service"}
{"message":"[STARTED] WebSockets, listening for P2P connections on: 5003","level":"info","service":"user-service"}
{"message":"[STARTED] Blockchain application, listening on port 3003","level":"info","service":"user-service"}
{"message":"Socket connected.","level":"info","service":"user-service"}
{"message":"[STARTED] WebSockets, listening for P2P connections on: 5001","level":"info","service":"user-service"}
{"message":"[STARTED] Blockchain application, listening on port 3001","level":"info","service":"user-service"}
{"message":"[STARTED] WebSockets, listening for P2P connections on: 5002","level":"info","service":"user-service"}
{"message":"[STARTED] Blockchain application, listening on port 3002","level":"info","service":"user-service"}
{"message":"Socket connected.","level":"info","service":"user-service"}
{"message":"[STARTED] WebSockets, listening for P2P connections on: 5003","level":"info","service":"user-service"}
{"message":"[STARTED] Blockchain application, listening on port 3003","level":"info","service":"user-service"}
{"message":"Socket connected.","level":"info","service":"user-service"}
{"message":"Socket connected.","level":"info","service":"user-service"}
{"message":"Socket connected.","level":"info","service":"user-service"}
{"message":"Socket connected.","level":"info","service":"user-service"}
{"message":"Socket connected.","level":"info","service":"user-service"}
{"message":"[STARTED] WebSockets, listening for P2P connections on: 5002","level":"info","service":"user-service"}
{"message":"[STARTED] Blockchain application, listening on port 3002","level":"info","service":"user-service"}
{"message":"Socket connected.","level":"info","service":"user-service"}
{"message":"Socket connected.","level":"info","service":"user-service"}
{"message":"[STARTED] WebSockets, listening for P2P connections on: 5003","level":"info","service":"user-service"}
{"message":"[STARTED] Blockchain application, listening on port 3003","level":"info","service":"user-service"}
{"message":"Socket connected.","level":"info","service":"user-service"}
{"message":"Socket connected.","level":"info","service":"user-service"}
{"message":"Socket connected.","level":"info","service":"user-service"}
{"message":"Socket connected.","level":"info","service":"user-service"}
{"message":"[STARTED] WebSockets, listening for P2P connections on: 5001","level":"info","service":"user-service"}
{"message":"[STARTED] Blockchain application, listening on port 3001","level":"info","service":"user-service"}
{"message":"[STARTED] WebSockets, listening for P2P connections on: 5002","level":"info","service":"user-service"}
{"message":"[STARTED] Blockchain application, listening on port 3002","level":"info","service":"user-service"}
{"message":"Socket connected.","level":"info","service":"user-service"}
{"message":"Socket connected.","level":"info","service":"user-service"}
{"message":"[STARTED] WebSockets, listening for P2P connections on: 5003","level":"info","service":"user-service"}
{"message":"[STARTED] Blockchain application, listening on port 3003","level":"info","service":"user-service"}
{"message":"Socket connected.","level":"info","service":"user-service"}
{"message":"Socket connected.","level":"info","service":"user-service"}
{"message":"Socket connected.","level":"info","service":"user-service"}
{"message":"Socket connected.","level":"info","service":"user-service"}
{"message":"[STARTED] WebSockets, listening for P2P connections on: 5001","level":"info","service":"user-service"}
{"message":"[STARTED] Blockchain application, listening on port 3001","level":"info","service":"user-service"}
{"message":"[STARTED] WebSockets, listening for P2P connections on: 5003","level":"info","service":"user-service"}
{"message":"[STARTED] WebSockets, listening for P2P connections on: 5002","level":"info","service":"user-service"}
{"message":"[STARTED] Blockchain application, listening on port 3003","level":"info","service":"user-service"}
{"message":"Socket connected.","level":"info","service":"user-service"}
{"message":"[STARTED] Blockchain application, listening on port 3002","level":"info","service":"user-service"}
{"message":"Socket connected.","level":"info","service":"user-service"}
{"message":"Socket connected.","level":"info","service":"user-service"}
{"message":"Socket connected.","level":"info","service":"user-service"}
{"message":"Socket connected.","level":"info","service":"user-service"}
{"message":"Socket connected.","level":"info","service":"user-service"}
{"message":"[STARTED] WebSockets, listening for P2P connections on: 5001","level":"info","service":"user-service"}
{"message":"[STARTED] Blockchain application, listening on port 3001","level":"info","service":"user-service"}
{"message":"[STARTED] WebSockets, listening for P2P connections on: 5002","level":"info","service":"user-service"}
{"message":"[STARTED] Blockchain application, listening on port 3002","level":"info","service":"user-service"}
{"message":"Socket connected.","level":"info","service":"user-service"}
{"message":"Socket connected.","level":"info","service":"user-service"}
{"message":"[STARTED] WebSockets, listening for P2P connections on: 5003","level":"info","service":"user-service"}
{"message":"[STARTED] Blockchain application, listening on port 3003","level":"info","service":"user-service"}
{"message":"Socket connected.","level":"info","service":"user-service"}
{"message":"Socket connected.","level":"info","service":"user-service"}
{"message":"Socket connected.","level":"info","service":"user-service"}
{"message":"Socket connected.","level":"info","service":"user-service"}
{"message":"[STARTED] WebSockets, listening for P2P connections on: 5001","level":"info","service":"user-service"}
{"message":"[STARTED] Blockchain application, listening on port 3001","level":"info","service":"user-service"}
{"message":"[STARTED] WebSockets, listening for P2P connections on: 5002","level":"info","service":"user-service"}
{"message":"[STARTED] Blockchain application, listening on port 3002","level":"info","service":"user-service"}
{"message":"Socket connected.","level":"info","service":"user-service"}
{"message":"Socket connected.","level":"info","service":"user-service"}
{"message":"[MESSAGE] [object Object]","level":"info","service":"user-service"}
{"message":"[MESSAGE] [object Object]","level":"info","service":"user-service"}
{"message":"[STARTED] WebSockets, listening for P2P connections on: 5003","level":"info","service":"user-service"}
{"message":"[STARTED] Blockchain application, listening on port 3003","level":"info","service":"user-service"}
{"message":"Socket connected.","level":"info","service":"user-service"}
{"message":"Socket connected.","level":"info","service":"user-service"}
{"message":"[MESSAGE] [object Object]","level":"info","service":"user-service"}
{"message":"Socket connected.","level":"info","service":"user-service"}
{"message":"[MESSAGE] [object Object]","level":"info","service":"user-service"}
{"message":"[MESSAGE] [object Object]","level":"info","service":"user-service"}
{"message":"Socket connected.","level":"info","service":"user-service"}
{"message":"[MESSAGE] [object Object]","level":"info","service":"user-service"}
{"message":"New block added Block - \n            Timestamp: 1583465391978\n            Last Hash: w31c0m3\n            Hash: 756713c0b6\n            data: [object Object]\n        ","level":"info","service":"user-service"}
{"message":"New block added Block - \n            Timestamp: 1583465405916\n            Last Hash: 756713c0b6\n            Hash: fa953fe191\n            data: [object Object]\n        ","level":"info","service":"user-service"}
{"message":"[STARTED] WebSockets, listening for P2P connections on: 5002","level":"info","service":"user-service"}
{"message":"[STARTED] Blockchain application, listening on port 3002","level":"info","service":"user-service"}
{"message":"Socket connected.","level":"info","service":"user-service"}
{"message":"Socket connected.","level":"info","service":"user-service"}
{"message":"[MESSAGE] [object Object]","level":"info","service":"user-service"}
{"message":"[MESSAGE] [object Object],[object Object],[object Object]","level":"info","service":"user-service"}
{"message":"[STARTED] WebSockets, listening for P2P connections on: 5001","level":"info","service":"user-service"}
{"message":"[STARTED] Blockchain application, listening on port 3001","level":"info","service":"user-service"}
{"message":"[STARTED] WebSockets, listening for P2P connections on: 5003","level":"info","service":"user-service"}
{"message":"[STARTED] Blockchain application, listening on port 3003","level":"info","service":"user-service"}
{"message":"Socket connected.","level":"info","service":"user-service"}
{"message":"Socket connected.","level":"info","service":"user-service"}
{"message":"[MESSAGE] [{\"timestamp\":\"my-burfd4y\",\"lastHash\":\"------\",\"hash\":\"w31c0m3\",\"data\":[]}]","level":"info","service":"user-service"}
{"message":"[MESSAGE] [{\"timestamp\":\"my-burfd4y\",\"lastHash\":\"------\",\"hash\":\"w31c0m3\",\"data\":[]}]","level":"info","service":"user-service"}
{"message":"Socket connected.","level":"info","service":"user-service"}
{"message":"[MESSAGE] [{\"timestamp\":\"my-burfd4y\",\"lastHash\":\"------\",\"hash\":\"w31c0m3\",\"data\":[]}]","level":"info","service":"user-service"}
{"message":"[STARTED] WebSockets, listening for P2P connections on: 5002","level":"info","service":"user-service"}
{"message":"Socket connected.","level":"info","service":"user-service"}
{"message":"[STARTED] Blockchain application, listening on port 3002","level":"info","service":"user-service"}
{"message":"Socket connected.","level":"info","service":"user-service"}
{"message":"[MESSAGE] [{\"timestamp\":\"my-burfd4y\",\"lastHash\":\"------\",\"hash\":\"w31c0m3\",\"data\":[]}]","level":"info","service":"user-service"}
{"message":"[MESSAGE] [{\"timestamp\":\"my-burfd4y\",\"lastHash\":\"------\",\"hash\":\"w31c0m3\",\"data\":[]}]","level":"info","service":"user-service"}
{"message":"Socket connected.","level":"info","service":"user-service"}
{"message":"[MESSAGE] [{\"timestamp\":\"my-burfd4y\",\"lastHash\":\"------\",\"hash\":\"w31c0m3\",\"data\":[]}]","level":"info","service":"user-service"}
{"message":"[STARTED] WebSockets, listening for P2P connections on: 5001","level":"info","service":"user-service"}
{"message":"[STARTED] Blockchain application, listening on port 3001","level":"info","service":"user-service"}
{"message":"[STARTED] WebSockets, listening for P2P connections on: 5002","level":"info","service":"user-service"}
{"message":"[STARTED] Blockchain application, listening on port 3002","level":"info","service":"user-service"}
{"message":"Socket connected.","level":"info","service":"user-service"}
{"message":"Socket connected.","level":"info","service":"user-service"}
{"message":"[STARTED] WebSockets, listening for P2P connections on: 5003","level":"info","service":"user-service"}
{"message":"[MESSAGE] [{\"timestamp\":\"my-burfd4y\",\"lastHash\":\"------\",\"hash\":\"w31c0m3\",\"data\":[]}]","level":"info","service":"user-service"}
{"message":"[STARTED] Blockchain application, listening on port 3003","level":"info","service":"user-service"}
{"message":"Socket connected.","level":"info","service":"user-service"}
{"message":"[MESSAGE] [{\"timestamp\":\"my-burfd4y\",\"lastHash\":\"------\",\"hash\":\"w31c0m3\",\"data\":[]}]","level":"info","service":"user-service"}
{"message":"Socket connected.","level":"info","service":"user-service"}
{"message":"[MESSAGE] [{\"timestamp\":\"my-burfd4y\",\"lastHash\":\"------\",\"hash\":\"w31c0m3\",\"data\":[]}]","level":"info","service":"user-service"}
{"message":"Socket connected.","level":"info","service":"user-service"}
{"message":"[MESSAGE] [{\"timestamp\":\"my-burfd4y\",\"lastHash\":\"------\",\"hash\":\"w31c0m3\",\"data\":[]}]","level":"info","service":"user-service"}
{"message":"[MESSAGE] [{\"timestamp\":\"my-burfd4y\",\"lastHash\":\"------\",\"hash\":\"w31c0m3\",\"data\":[]}]","level":"info","service":"user-service"}
{"message":"Socket connected.","level":"info","service":"user-service"}
{"message":"[MESSAGE] [{\"timestamp\":\"my-burfd4y\",\"lastHash\":\"------\",\"hash\":\"w31c0m3\",\"data\":[]}]","level":"info","service":"user-service"}
{"message":"New block added Block - \n            Timestamp: 1583465844048\n            Last Hash: w31c0m3\n            Hash: a54a7a894a\n            data: [object Object]\n        ","level":"info","service":"user-service"}
{"message":"New block added Block - \n            Timestamp: 1583465845854\n            Last Hash: a54a7a894a\n            Hash: d6e56819f5\n            data: [object Object]\n        ","level":"info","service":"user-service"}
{"message":"[STARTED] WebSockets, listening for P2P connections on: 5001","level":"info","service":"user-service"}
{"message":"[STARTED] Blockchain application, listening on port 3001","level":"info","service":"user-service"}
{"message":"[STARTED] WebSockets, listening for P2P connections on: 5002","level":"info","service":"user-service"}
{"message":"[STARTED] Blockchain application, listening on port 3002","level":"info","service":"user-service"}
{"message":"Socket connected.","level":"info","service":"user-service"}
{"message":"Socket connected.","level":"info","service":"user-service"}
{"message":"[MESSAGE] [{\"timestamp\":\"my-burfd4y\",\"lastHash\":\"------\",\"hash\":\"w31c0m3\",\"data\":[]}]","level":"info","service":"user-service"}
{"message":"[MESSAGE] [{\"timestamp\":\"my-burfd4y\",\"lastHash\":\"------\",\"hash\":\"w31c0m3\",\"data\":[]}]","level":"info","service":"user-service"}
{"message":"[STARTED] WebSockets, listening for P2P connections on: 5003","level":"info","service":"user-service"}
{"message":"[STARTED] Blockchain application, listening on port 3003","level":"info","service":"user-service"}
{"message":"Socket connected.","level":"info","service":"user-service"}
{"message":"Socket connected.","level":"info","service":"user-service"}
{"message":"Socket connected.","level":"info","service":"user-service"}
{"message":"[MESSAGE] [{\"timestamp\":\"my-burfd4y\",\"lastHash\":\"------\",\"hash\":\"w31c0m3\",\"data\":[]}]","level":"info","service":"user-service"}
{"message":"[MESSAGE] [{\"timestamp\":\"my-burfd4y\",\"lastHash\":\"------\",\"hash\":\"w31c0m3\",\"data\":[]}]","level":"info","service":"user-service"}
{"message":"[MESSAGE] [{\"timestamp\":\"my-burfd4y\",\"lastHash\":\"------\",\"hash\":\"w31c0m3\",\"data\":[]}]","level":"info","service":"user-service"}
{"message":"Socket connected.","level":"info","service":"user-service"}
{"message":"[MESSAGE] [{\"timestamp\":\"my-burfd4y\",\"lastHash\":\"------\",\"hash\":\"w31c0m3\",\"data\":[]}]","level":"info","service":"user-service"}
{"message":"New block added Block - \n            Timestamp: 1583465878421\n            Last Hash: w31c0m3\n            Hash: 2fc42aa247\n            data: [object Object]\n        ","level":"info","service":"user-service"}
{"message":"[MESSAGE] [{\"timestamp\":\"my-burfd4y\",\"lastHash\":\"------\",\"hash\":\"w31c0m3\",\"data\":[]},{\"timestamp\":1583465878421,\"lastHash\":\"w31c0m3\",\"hash\":\"2fc42aa24747c9597854f2012fcd1b5f9e097bdfb44728315d508df67753fa1b\",\"data\":{\"creds\":\"1\"}}]","level":"info","service":"user-service"}
{"message":"[MESSAGE] [{\"timestamp\":\"my-burfd4y\",\"lastHash\":\"------\",\"hash\":\"w31c0m3\",\"data\":[]},{\"timestamp\":1583465878421,\"lastHash\":\"w31c0m3\",\"hash\":\"2fc42aa24747c9597854f2012fcd1b5f9e097bdfb44728315d508df67753fa1b\",\"data\":{\"creds\":\"1\"}}]","level":"info","service":"user-service"}
{"message":"New block added Block - \n            Timestamp: 1583465879620\n            Last Hash: 2fc42aa247\n            Hash: dbe414a32d\n            data: [object Object]\n        ","level":"info","service":"user-service"}
{"message":"[MESSAGE] [{\"timestamp\":\"my-burfd4y\",\"lastHash\":\"------\",\"hash\":\"w31c0m3\",\"data\":[]},{\"timestamp\":1583465878421,\"lastHash\":\"w31c0m3\",\"hash\":\"2fc42aa24747c9597854f2012fcd1b5f9e097bdfb44728315d508df67753fa1b\",\"data\":{\"creds\":\"1\"}},{\"timestamp\":1583465879620,\"lastHash\":\"2fc42aa24747c9597854f2012fcd1b5f9e097bdfb44728315d508df67753fa1b\",\"hash\":\"dbe414a32d362285b0835ab3b05e32676f996ac4a806a40a06a1eff2c0f9b047\",\"data\":{\"creds\":\"1\"}}]","level":"info","service":"user-service"}
{"message":"[MESSAGE] [{\"timestamp\":\"my-burfd4y\",\"lastHash\":\"------\",\"hash\":\"w31c0m3\",\"data\":[]},{\"timestamp\":1583465878421,\"lastHash\":\"w31c0m3\",\"hash\":\"2fc42aa24747c9597854f2012fcd1b5f9e097bdfb44728315d508df67753fa1b\",\"data\":{\"creds\":\"1\"}},{\"timestamp\":1583465879620,\"lastHash\":\"2fc42aa24747c9597854f2012fcd1b5f9e097bdfb44728315d508df67753fa1b\",\"hash\":\"dbe414a32d362285b0835ab3b05e32676f996ac4a806a40a06a1eff2c0f9b047\",\"data\":{\"creds\":\"1\"}}]","level":"info","service":"user-service"}
{"message":"New block added Block - \n            Timestamp: 1583465880967\n            Last Hash: dbe414a32d\n            Hash: 0f7da0301f\n            data: [object Object]\n        ","level":"info","service":"user-service"}
{"message":"[MESSAGE] [{\"timestamp\":\"my-burfd4y\",\"lastHash\":\"------\",\"hash\":\"w31c0m3\",\"data\":[]},{\"timestamp\":1583465878421,\"lastHash\":\"w31c0m3\",\"hash\":\"2fc42aa24747c9597854f2012fcd1b5f9e097bdfb44728315d508df67753fa1b\",\"data\":{\"creds\":\"1\"}},{\"timestamp\":1583465879620,\"lastHash\":\"2fc42aa24747c9597854f2012fcd1b5f9e097bdfb44728315d508df67753fa1b\",\"hash\":\"dbe414a32d362285b0835ab3b05e32676f996ac4a806a40a06a1eff2c0f9b047\",\"data\":{\"creds\":\"1\"}},{\"timestamp\":1583465880967,\"lastHash\":\"dbe414a32d362285b0835ab3b05e32676f996ac4a806a40a06a1eff2c0f9b047\",\"hash\":\"0f7da0301f24ed6e14e116786774f411e49af1fdd5c782519f67e243cba6c908\",\"data\":{\"creds\":\"1\"}}]","level":"info","service":"user-service"}
{"message":"[MESSAGE] [{\"timestamp\":\"my-burfd4y\",\"lastHash\":\"------\",\"hash\":\"w31c0m3\",\"data\":[]},{\"timestamp\":1583465878421,\"lastHash\":\"w31c0m3\",\"hash\":\"2fc42aa24747c9597854f2012fcd1b5f9e097bdfb44728315d508df67753fa1b\",\"data\":{\"creds\":\"1\"}},{\"timestamp\":1583465879620,\"lastHash\":\"2fc42aa24747c9597854f2012fcd1b5f9e097bdfb44728315d508df67753fa1b\",\"hash\":\"dbe414a32d362285b0835ab3b05e32676f996ac4a806a40a06a1eff2c0f9b047\",\"data\":{\"creds\":\"1\"}},{\"timestamp\":1583465880967,\"lastHash\":\"dbe414a32d362285b0835ab3b05e32676f996ac4a806a40a06a1eff2c0f9b047\",\"hash\":\"0f7da0301f24ed6e14e116786774f411e49af1fdd5c782519f67e243cba6c908\",\"data\":{\"creds\":\"1\"}}]","level":"info","service":"user-service"}
{"message":"[STARTED] WebSockets, listening for P2P connections on: 5001","level":"info","service":"user-service"}
{"message":"[STARTED] Blockchain application, listening on port 3001","level":"info","service":"user-service"}
{"message":"[STARTED] WebSockets, listening for P2P connections on: 5002","level":"info","service":"user-service"}
{"message":"[STARTED] Blockchain application, listening on port 3002","level":"info","service":"user-service"}
{"message":"Socket connected.","level":"info","service":"user-service"}
{"message":"Socket connected.","level":"info","service":"user-service"}
{"message":"[STARTED] WebSockets, listening for P2P connections on: 5003","level":"info","service":"user-service"}
{"message":"[STARTED] Blockchain application, listening on port 3003","level":"info","service":"user-service"}
{"message":"Socket connected.","level":"info","service":"user-service"}
{"message":"Socket connected.","level":"info","service":"user-service"}
{"message":"[MESSAGE] [{\"timestamp\":\"my-burfd4y\",\"lastHash\":\"------\",\"hash\":\"w31c0m3\",\"data\":[]}]","level":"info","service":"user-service"}
{"message":"New chain supplied was not long enough to replace current chain.","level":"error","service":"user-service"}
{"message":"[MESSAGE] [{\"timestamp\":\"my-burfd4y\",\"lastHash\":\"------\",\"hash\":\"w31c0m3\",\"data\":[]}]","level":"info","service":"user-service"}
{"message":"[MESSAGE] [{\"timestamp\":\"my-burfd4y\",\"lastHash\":\"------\",\"hash\":\"w31c0m3\",\"data\":[]}]","level":"info","service":"user-service"}
{"message":"New chain supplied was not long enough to replace current chain.","level":"error","service":"user-service"}
{"message":"New chain supplied was not long enough to replace current chain.","level":"error","service":"user-service"}
{"message":"Socket connected.","level":"info","service":"user-service"}
{"message":"[MESSAGE] [{\"timestamp\":\"my-burfd4y\",\"lastHash\":\"------\",\"hash\":\"w31c0m3\",\"data\":[]}]","level":"info","service":"user-service"}
{"message":"New chain supplied was not long enough to replace current chain.","level":"error","service":"user-service"}
{"message":"[MESSAGE] [{\"timestamp\":\"my-burfd4y\",\"lastHash\":\"------\",\"hash\":\"w31c0m3\",\"data\":[]}]","level":"info","service":"user-service"}
{"message":"New chain supplied was not long enough to replace current chain.","level":"error","service":"user-service"}
{"message":"Socket connected.","level":"info","service":"user-service"}
{"message":"[MESSAGE] [{\"timestamp\":\"my-burfd4y\",\"lastHash\":\"------\",\"hash\":\"w31c0m3\",\"data\":[]}]","level":"info","service":"user-service"}
{"message":"New chain supplied was not long enough to replace current chain.","level":"error","service":"user-service"}
{"message":"New block added Block - \n            Timestamp: 1583465941850\n            Last Hash: w31c0m3\n            Hash: 5d37246dab\n            data: [object Object]\n        ","level":"info","service":"user-service"}
{"message":"[MESSAGE] [{\"timestamp\":\"my-burfd4y\",\"lastHash\":\"------\",\"hash\":\"w31c0m3\",\"data\":[]},{\"timestamp\":1583465941850,\"lastHash\":\"w31c0m3\",\"hash\":\"5d37246dabcd4075bd2396e18fa7841fb6bd17314f4326ae603f39a63e400a2d\",\"data\":{\"creds\":\"1\"}}]","level":"info","service":"user-service"}
{"message":"[MESSAGE] [{\"timestamp\":\"my-burfd4y\",\"lastHash\":\"------\",\"hash\":\"w31c0m3\",\"data\":[]},{\"timestamp\":1583465941850,\"lastHash\":\"w31c0m3\",\"hash\":\"5d37246dabcd4075bd2396e18fa7841fb6bd17314f4326ae603f39a63e400a2d\",\"data\":{\"creds\":\"1\"}}]","level":"info","service":"user-service"}
{"message":"Replacing blockchain with new chain.","level":"info","service":"user-service"}
{"message":"Replacing blockchain with new chain.","level":"info","service":"user-service"}
{"message":"New block added Block - \n            Timestamp: 1583465944729\n            Last Hash: 5d37246dab\n            Hash: 1eebee5703\n            data: [object Object]\n        ","level":"info","service":"user-service"}
{"message":"[MESSAGE] [{\"timestamp\":\"my-burfd4y\",\"lastHash\":\"------\",\"hash\":\"w31c0m3\",\"data\":[]},{\"timestamp\":1583465941850,\"lastHash\":\"w31c0m3\",\"hash\":\"5d37246dabcd4075bd2396e18fa7841fb6bd17314f4326ae603f39a63e400a2d\",\"data\":{\"creds\":\"1\"}},{\"timestamp\":1583465944729,\"lastHash\":\"5d37246dabcd4075bd2396e18fa7841fb6bd17314f4326ae603f39a63e400a2d\",\"hash\":\"1eebee5703b715f5802631263c9105b4f65faf9ca84a1e4dedab7e12d2223a11\",\"data\":{\"creds\":\"1\"}}]","level":"info","service":"user-service"}
{"message":"[MESSAGE] [{\"timestamp\":\"my-burfd4y\",\"lastHash\":\"------\",\"hash\":\"w31c0m3\",\"data\":[]},{\"timestamp\":1583465941850,\"lastHash\":\"w31c0m3\",\"hash\":\"5d37246dabcd4075bd2396e18fa7841fb6bd17314f4326ae603f39a63e400a2d\",\"data\":{\"creds\":\"1\"}},{\"timestamp\":1583465944729,\"lastHash\":\"5d37246dabcd4075bd2396e18fa7841fb6bd17314f4326ae603f39a63e400a2d\",\"hash\":\"1eebee5703b715f5802631263c9105b4f65faf9ca84a1e4dedab7e12d2223a11\",\"data\":{\"creds\":\"1\"}}]","level":"info","service":"user-service"}
{"message":"Replacing blockchain with new chain.","level":"info","service":"user-service"}
{"message":"Replacing blockchain with new chain.","level":"info","service":"user-service"}
{"message":"New block added Block - \n            Timestamp: 1583465954956\n            Last Hash: 1eebee5703\n            Hash: 4fb3016c6b\n            data: [object Object]\n        ","level":"info","service":"user-service"}
{"message":"[MESSAGE] [{\"timestamp\":\"my-burfd4y\",\"lastHash\":\"------\",\"hash\":\"w31c0m3\",\"data\":[]},{\"timestamp\":1583465941850,\"lastHash\":\"w31c0m3\",\"hash\":\"5d37246dabcd4075bd2396e18fa7841fb6bd17314f4326ae603f39a63e400a2d\",\"data\":{\"creds\":\"1\"}},{\"timestamp\":1583465944729,\"lastHash\":\"5d37246dabcd4075bd2396e18fa7841fb6bd17314f4326ae603f39a63e400a2d\",\"hash\":\"1eebee5703b715f5802631263c9105b4f65faf9ca84a1e4dedab7e12d2223a11\",\"data\":{\"creds\":\"1\"}},{\"timestamp\":1583465954956,\"lastHash\":\"1eebee5703b715f5802631263c9105b4f65faf9ca84a1e4dedab7e12d2223a11\",\"hash\":\"4fb3016c6bc16fd2725a55f3e635d9e7b2a61f54c62ab844a431b916e2e085b3\",\"data\":{\"creds\":\"1\"}}]","level":"info","service":"user-service"}
{"message":"[MESSAGE] [{\"timestamp\":\"my-burfd4y\",\"lastHash\":\"------\",\"hash\":\"w31c0m3\",\"data\":[]},{\"timestamp\":1583465941850,\"lastHash\":\"w31c0m3\",\"hash\":\"5d37246dabcd4075bd2396e18fa7841fb6bd17314f4326ae603f39a63e400a2d\",\"data\":{\"creds\":\"1\"}},{\"timestamp\":1583465944729,\"lastHash\":\"5d37246dabcd4075bd2396e18fa7841fb6bd17314f4326ae603f39a63e400a2d\",\"hash\":\"1eebee5703b715f5802631263c9105b4f65faf9ca84a1e4dedab7e12d2223a11\",\"data\":{\"creds\":\"1\"}},{\"timestamp\":1583465954956,\"lastHash\":\"1eebee5703b715f5802631263c9105b4f65faf9ca84a1e4dedab7e12d2223a11\",\"hash\":\"4fb3016c6bc16fd2725a55f3e635d9e7b2a61f54c62ab844a431b916e2e085b3\",\"data\":{\"creds\":\"1\"}}]","level":"info","service":"user-service"}
{"message":"Replacing blockchain with new chain.","level":"info","service":"user-service"}
{"message":"Replacing blockchain with new chain.","level":"info","service":"user-service"}
{"message":"New block added Block - \n            Timestamp: 1583465955497\n            Last Hash: 4fb3016c6b\n            Hash: 14e9805ba1\n            data: [object Object]\n        ","level":"info","service":"user-service"}
{"message":"[MESSAGE] [{\"timestamp\":\"my-burfd4y\",\"lastHash\":\"------\",\"hash\":\"w31c0m3\",\"data\":[]},{\"timestamp\":1583465941850,\"lastHash\":\"w31c0m3\",\"hash\":\"5d37246dabcd4075bd2396e18fa7841fb6bd17314f4326ae603f39a63e400a2d\",\"data\":{\"creds\":\"1\"}},{\"timestamp\":1583465944729,\"lastHash\":\"5d37246dabcd4075bd2396e18fa7841fb6bd17314f4326ae603f39a63e400a2d\",\"hash\":\"1eebee5703b715f5802631263c9105b4f65faf9ca84a1e4dedab7e12d2223a11\",\"data\":{\"creds\":\"1\"}},{\"timestamp\":1583465954956,\"lastHash\":\"1eebee5703b715f5802631263c9105b4f65faf9ca84a1e4dedab7e12d2223a11\",\"hash\":\"4fb3016c6bc16fd2725a55f3e635d9e7b2a61f54c62ab844a431b916e2e085b3\",\"data\":{\"creds\":\"1\"}},{\"timestamp\":1583465955497,\"lastHash\":\"4fb3016c6bc16fd2725a55f3e635d9e7b2a61f54c62ab844a431b916e2e085b3\",\"hash\":\"14e9805ba1fe77a715d3c36b7d6052e96403975ed409d2d440dc33ca7244bf1d\",\"data\":{\"creds\":\"1\"}}]","level":"info","service":"user-service"}
{"message":"[MESSAGE] [{\"timestamp\":\"my-burfd4y\",\"lastHash\":\"------\",\"hash\":\"w31c0m3\",\"data\":[]},{\"timestamp\":1583465941850,\"lastHash\":\"w31c0m3\",\"hash\":\"5d37246dabcd4075bd2396e18fa7841fb6bd17314f4326ae603f39a63e400a2d\",\"data\":{\"creds\":\"1\"}},{\"timestamp\":1583465944729,\"lastHash\":\"5d37246dabcd4075bd2396e18fa7841fb6bd17314f4326ae603f39a63e400a2d\",\"hash\":\"1eebee5703b715f5802631263c9105b4f65faf9ca84a1e4dedab7e12d2223a11\",\"data\":{\"creds\":\"1\"}},{\"timestamp\":1583465954956,\"lastHash\":\"1eebee5703b715f5802631263c9105b4f65faf9ca84a1e4dedab7e12d2223a11\",\"hash\":\"4fb3016c6bc16fd2725a55f3e635d9e7b2a61f54c62ab844a431b916e2e085b3\",\"data\":{\"creds\":\"1\"}},{\"timestamp\":1583465955497,\"lastHash\":\"4fb3016c6bc16fd2725a55f3e635d9e7b2a61f54c62ab844a431b916e2e085b3\",\"hash\":\"14e9805ba1fe77a715d3c36b7d6052e96403975ed409d2d440dc33ca7244bf1d\",\"data\":{\"creds\":\"1\"}}]","level":"info","service":"user-service"}
{"message":"Replacing blockchain with new chain.","level":"info","service":"user-service"}
{"message":"Replacing blockchain with new chain.","level":"info","service":"user-service"}
{"message":"New block added Block - \n            Timestamp: 1583465956065\n            Last Hash: 14e9805ba1\n            Hash: e74f8c3036\n            data: [object Object]\n        ","level":"info","service":"user-service"}
{"message":"[MESSAGE] [{\"timestamp\":\"my-burfd4y\",\"lastHash\":\"------\",\"hash\":\"w31c0m3\",\"data\":[]},{\"timestamp\":1583465941850,\"lastHash\":\"w31c0m3\",\"hash\":\"5d37246dabcd4075bd2396e18fa7841fb6bd17314f4326ae603f39a63e400a2d\",\"data\":{\"creds\":\"1\"}},{\"timestamp\":1583465944729,\"lastHash\":\"5d37246dabcd4075bd2396e18fa7841fb6bd17314f4326ae603f39a63e400a2d\",\"hash\":\"1eebee5703b715f5802631263c9105b4f65faf9ca84a1e4dedab7e12d2223a11\",\"data\":{\"creds\":\"1\"}},{\"timestamp\":1583465954956,\"lastHash\":\"1eebee5703b715f5802631263c9105b4f65faf9ca84a1e4dedab7e12d2223a11\",\"hash\":\"4fb3016c6bc16fd2725a55f3e635d9e7b2a61f54c62ab844a431b916e2e085b3\",\"data\":{\"creds\":\"1\"}},{\"timestamp\":1583465955497,\"lastHash\":\"4fb3016c6bc16fd2725a55f3e635d9e7b2a61f54c62ab844a431b916e2e085b3\",\"hash\":\"14e9805ba1fe77a715d3c36b7d6052e96403975ed409d2d440dc33ca7244bf1d\",\"data\":{\"creds\":\"1\"}},{\"timestamp\":1583465956065,\"lastHash\":\"14e9805ba1fe77a715d3c36b7d6052e96403975ed409d2d440dc33ca7244bf1d\",\"hash\":\"e74f8c30369004db745a8ad2def554cee6213f5c86f468451d2ff08814c9613e\",\"data\":{\"creds\":\"1\"}}]","level":"info","service":"user-service"}
{"message":"[MESSAGE] [{\"timestamp\":\"my-burfd4y\",\"lastHash\":\"------\",\"hash\":\"w31c0m3\",\"data\":[]},{\"timestamp\":1583465941850,\"lastHash\":\"w31c0m3\",\"hash\":\"5d37246dabcd4075bd2396e18fa7841fb6bd17314f4326ae603f39a63e400a2d\",\"data\":{\"creds\":\"1\"}},{\"timestamp\":1583465944729,\"lastHash\":\"5d37246dabcd4075bd2396e18fa7841fb6bd17314f4326ae603f39a63e400a2d\",\"hash\":\"1eebee5703b715f5802631263c9105b4f65faf9ca84a1e4dedab7e12d2223a11\",\"data\":{\"creds\":\"1\"}},{\"timestamp\":1583465954956,\"lastHash\":\"1eebee5703b715f5802631263c9105b4f65faf9ca84a1e4dedab7e12d2223a11\",\"hash\":\"4fb3016c6bc16fd2725a55f3e635d9e7b2a61f54c62ab844a431b916e2e085b3\",\"data\":{\"creds\":\"1\"}},{\"timestamp\":1583465955497,\"lastHash\":\"4fb3016c6bc16fd2725a55f3e635d9e7b2a61f54c62ab844a431b916e2e085b3\",\"hash\":\"14e9805ba1fe77a715d3c36b7d6052e96403975ed409d2d440dc33ca7244bf1d\",\"data\":{\"creds\":\"1\"}},{\"timestamp\":1583465956065,\"lastHash\":\"14e9805ba1fe77a715d3c36b7d6052e96403975ed409d2d440dc33ca7244bf1d\",\"hash\":\"e74f8c30369004db745a8ad2def554cee6213f5c86f468451d2ff08814c9613e\",\"data\":{\"creds\":\"1\"}}]","level":"info","service":"user-service"}
{"message":"Replacing blockchain with new chain.","level":"info","service":"user-service"}
{"message":"Replacing blockchain with new chain.","level":"info","service":"user-service"}
{"message":"New block added Block - \n            Timestamp: 1583465977782\n            Last Hash: e74f8c3036\n            Hash: 430beaf663\n            data: [object Object]\n        ","level":"info","service":"user-service"}
{"message":"[MESSAGE] [{\"timestamp\":\"my-burfd4y\",\"lastHash\":\"------\",\"hash\":\"w31c0m3\",\"data\":[]},{\"timestamp\":1583465941850,\"lastHash\":\"w31c0m3\",\"hash\":\"5d37246dabcd4075bd2396e18fa7841fb6bd17314f4326ae603f39a63e400a2d\",\"data\":{\"creds\":\"1\"}},{\"timestamp\":1583465944729,\"lastHash\":\"5d37246dabcd4075bd2396e18fa7841fb6bd17314f4326ae603f39a63e400a2d\",\"hash\":\"1eebee5703b715f5802631263c9105b4f65faf9ca84a1e4dedab7e12d2223a11\",\"data\":{\"creds\":\"1\"}},{\"timestamp\":1583465954956,\"lastHash\":\"1eebee5703b715f5802631263c9105b4f65faf9ca84a1e4dedab7e12d2223a11\",\"hash\":\"4fb3016c6bc16fd2725a55f3e635d9e7b2a61f54c62ab844a431b916e2e085b3\",\"data\":{\"creds\":\"1\"}},{\"timestamp\":1583465955497,\"lastHash\":\"4fb3016c6bc16fd2725a55f3e635d9e7b2a61f54c62ab844a431b916e2e085b3\",\"hash\":\"14e9805ba1fe77a715d3c36b7d6052e96403975ed409d2d440dc33ca7244bf1d\",\"data\":{\"creds\":\"1\"}},{\"timestamp\":1583465956065,\"lastHash\":\"14e9805ba1fe77a715d3c36b7d6052e96403975ed409d2d440dc33ca7244bf1d\",\"hash\":\"e74f8c30369004db745a8ad2def554cee6213f5c86f468451d2ff08814c9613e\",\"data\":{\"creds\":\"1\"}},{\"timestamp\":1583465977782,\"lastHash\":\"e74f8c30369004db745a8ad2def554cee6213f5c86f468451d2ff08814c9613e\",\"hash\":\"430beaf66325055154fcbf52fb4248c3b386c54fd8d77d6173ac1391cbb238ea\",\"data\":{\"creds\":\"1\"}}]","level":"info","service":"user-service"}
{"message":"[MESSAGE] [{\"timestamp\":\"my-burfd4y\",\"lastHash\":\"------\",\"hash\":\"w31c0m3\",\"data\":[]},{\"timestamp\":1583465941850,\"lastHash\":\"w31c0m3\",\"hash\":\"5d37246dabcd4075bd2396e18fa7841fb6bd17314f4326ae603f39a63e400a2d\",\"data\":{\"creds\":\"1\"}},{\"timestamp\":1583465944729,\"lastHash\":\"5d37246dabcd4075bd2396e18fa7841fb6bd17314f4326ae603f39a63e400a2d\",\"hash\":\"1eebee5703b715f5802631263c9105b4f65faf9ca84a1e4dedab7e12d2223a11\",\"data\":{\"creds\":\"1\"}},{\"timestamp\":1583465954956,\"lastHash\":\"1eebee5703b715f5802631263c9105b4f65faf9ca84a1e4dedab7e12d2223a11\",\"hash\":\"4fb3016c6bc16fd2725a55f3e635d9e7b2a61f54c62ab844a431b916e2e085b3\",\"data\":{\"creds\":\"1\"}},{\"timestamp\":1583465955497,\"lastHash\":\"4fb3016c6bc16fd2725a55f3e635d9e7b2a61f54c62ab844a431b916e2e085b3\",\"hash\":\"14e9805ba1fe77a715d3c36b7d6052e96403975ed409d2d440dc33ca7244bf1d\",\"data\":{\"creds\":\"1\"}},{\"timestamp\":1583465956065,\"lastHash\":\"14e9805ba1fe77a715d3c36b7d6052e96403975ed409d2d440dc33ca7244bf1d\",\"hash\":\"e74f8c30369004db745a8ad2def554cee6213f5c86f468451d2ff08814c9613e\",\"data\":{\"creds\":\"1\"}},{\"timestamp\":1583465977782,\"lastHash\":\"e74f8c30369004db745a8ad2def554cee6213f5c86f468451d2ff08814c9613e\",\"hash\":\"430beaf66325055154fcbf52fb4248c3b386c54fd8d77d6173ac1391cbb238ea\",\"data\":{\"creds\":\"1\"}}]","level":"info","service":"user-service"}
{"message":"Replacing blockchain with new chain.","level":"info","service":"user-service"}
{"message":"Replacing blockchain with new chain.","level":"info","service":"user-service"}
{"message":"New block added Block - \n            Timestamp: 1583465979111\n            Last Hash: 430beaf663\n            Hash: ddb1456454\n            data: [object Object]\n        ","level":"info","service":"user-service"}
{"message":"[MESSAGE] [{\"timestamp\":\"my-burfd4y\",\"lastHash\":\"------\",\"hash\":\"w31c0m3\",\"data\":[]},{\"timestamp\":1583465941850,\"lastHash\":\"w31c0m3\",\"hash\":\"5d37246dabcd4075bd2396e18fa7841fb6bd17314f4326ae603f39a63e400a2d\",\"data\":{\"creds\":\"1\"}},{\"timestamp\":1583465944729,\"lastHash\":\"5d37246dabcd4075bd2396e18fa7841fb6bd17314f4326ae603f39a63e400a2d\",\"hash\":\"1eebee5703b715f5802631263c9105b4f65faf9ca84a1e4dedab7e12d2223a11\",\"data\":{\"creds\":\"1\"}},{\"timestamp\":1583465954956,\"lastHash\":\"1eebee5703b715f5802631263c9105b4f65faf9ca84a1e4dedab7e12d2223a11\",\"hash\":\"4fb3016c6bc16fd2725a55f3e635d9e7b2a61f54c62ab844a431b916e2e085b3\",\"data\":{\"creds\":\"1\"}},{\"timestamp\":1583465955497,\"lastHash\":\"4fb3016c6bc16fd2725a55f3e635d9e7b2a61f54c62ab844a431b916e2e085b3\",\"hash\":\"14e9805ba1fe77a715d3c36b7d6052e96403975ed409d2d440dc33ca7244bf1d\",\"data\":{\"creds\":\"1\"}},{\"timestamp\":1583465956065,\"lastHash\":\"14e9805ba1fe77a715d3c36b7d6052e96403975ed409d2d440dc33ca7244bf1d\",\"hash\":\"e74f8c30369004db745a8ad2def554cee6213f5c86f468451d2ff08814c9613e\",\"data\":{\"creds\":\"1\"}},{\"timestamp\":1583465977782,\"lastHash\":\"e74f8c30369004db745a8ad2def554cee6213f5c86f468451d2ff08814c9613e\",\"hash\":\"430beaf66325055154fcbf52fb4248c3b386c54fd8d77d6173ac1391cbb238ea\",\"data\":{\"creds\":\"1\"}},{\"timestamp\":1583465979111,\"lastHash\":\"430beaf66325055154fcbf52fb4248c3b386c54fd8d77d6173ac1391cbb238ea\",\"hash\":\"ddb1456454976a0252004ca259ab87dab324013e525b3e8ac07333cb67829d20\",\"data\":{\"creds\":\"1\"}}]","level":"info","service":"user-service"}
{"message":"[MESSAGE] [{\"timestamp\":\"my-burfd4y\",\"lastHash\":\"------\",\"hash\":\"w31c0m3\",\"data\":[]},{\"timestamp\":1583465941850,\"lastHash\":\"w31c0m3\",\"hash\":\"5d37246dabcd4075bd2396e18fa7841fb6bd17314f4326ae603f39a63e400a2d\",\"data\":{\"creds\":\"1\"}},{\"timestamp\":1583465944729,\"lastHash\":\"5d37246dabcd4075bd2396e18fa7841fb6bd17314f4326ae603f39a63e400a2d\",\"hash\":\"1eebee5703b715f5802631263c9105b4f65faf9ca84a1e4dedab7e12d2223a11\",\"data\":{\"creds\":\"1\"}},{\"timestamp\":1583465954956,\"lastHash\":\"1eebee5703b715f5802631263c9105b4f65faf9ca84a1e4dedab7e12d2223a11\",\"hash\":\"4fb3016c6bc16fd2725a55f3e635d9e7b2a61f54c62ab844a431b916e2e085b3\",\"data\":{\"creds\":\"1\"}},{\"timestamp\":1583465955497,\"lastHash\":\"4fb3016c6bc16fd2725a55f3e635d9e7b2a61f54c62ab844a431b916e2e085b3\",\"hash\":\"14e9805ba1fe77a715d3c36b7d6052e96403975ed409d2d440dc33ca7244bf1d\",\"data\":{\"creds\":\"1\"}},{\"timestamp\":1583465956065,\"lastHash\":\"14e9805ba1fe77a715d3c36b7d6052e96403975ed409d2d440dc33ca7244bf1d\",\"hash\":\"e74f8c30369004db745a8ad2def554cee6213f5c86f468451d2ff08814c9613e\",\"data\":{\"creds\":\"1\"}},{\"timestamp\":1583465977782,\"lastHash\":\"e74f8c30369004db745a8ad2def554cee6213f5c86f468451d2ff08814c9613e\",\"hash\":\"430beaf66325055154fcbf52fb4248c3b386c54fd8d77d6173ac1391cbb238ea\",\"data\":{\"creds\":\"1\"}},{\"timestamp\":1583465979111,\"lastHash\":\"430beaf66325055154fcbf52fb4248c3b386c54fd8d77d6173ac1391cbb238ea\",\"hash\":\"ddb1456454976a0252004ca259ab87dab324013e525b3e8ac07333cb67829d20\",\"data\":{\"creds\":\"1\"}}]","level":"info","service":"user-service"}
{"message":"Replacing blockchain with new chain.","level":"info","service":"user-service"}
{"message":"Replacing blockchain with new chain.","level":"info","service":"user-service"}
{"message":"New block added Block - \n            Timestamp: 1583465980059\n            Last Hash: ddb1456454\n            Hash: a44123ffd3\n            data: [object Object]\n        ","level":"info","service":"user-service"}
{"message":"[MESSAGE] [{\"timestamp\":\"my-burfd4y\",\"lastHash\":\"------\",\"hash\":\"w31c0m3\",\"data\":[]},{\"timestamp\":1583465941850,\"lastHash\":\"w31c0m3\",\"hash\":\"5d37246dabcd4075bd2396e18fa7841fb6bd17314f4326ae603f39a63e400a2d\",\"data\":{\"creds\":\"1\"}},{\"timestamp\":1583465944729,\"lastHash\":\"5d37246dabcd4075bd2396e18fa7841fb6bd17314f4326ae603f39a63e400a2d\",\"hash\":\"1eebee5703b715f5802631263c9105b4f65faf9ca84a1e4dedab7e12d2223a11\",\"data\":{\"creds\":\"1\"}},{\"timestamp\":1583465954956,\"lastHash\":\"1eebee5703b715f5802631263c9105b4f65faf9ca84a1e4dedab7e12d2223a11\",\"hash\":\"4fb3016c6bc16fd2725a55f3e635d9e7b2a61f54c62ab844a431b916e2e085b3\",\"data\":{\"creds\":\"1\"}},{\"timestamp\":1583465955497,\"lastHash\":\"4fb3016c6bc16fd2725a55f3e635d9e7b2a61f54c62ab844a431b916e2e085b3\",\"hash\":\"14e9805ba1fe77a715d3c36b7d6052e96403975ed409d2d440dc33ca7244bf1d\",\"data\":{\"creds\":\"1\"}},{\"timestamp\":1583465956065,\"lastHash\":\"14e9805ba1fe77a715d3c36b7d6052e96403975ed409d2d440dc33ca7244bf1d\",\"hash\":\"e74f8c30369004db745a8ad2def554cee6213f5c86f468451d2ff08814c9613e\",\"data\":{\"creds\":\"1\"}},{\"timestamp\":1583465977782,\"lastHash\":\"e74f8c30369004db745a8ad2def554cee6213f5c86f468451d2ff08814c9613e\",\"hash\":\"430beaf66325055154fcbf52fb4248c3b386c54fd8d77d6173ac1391cbb238ea\",\"data\":{\"creds\":\"1\"}},{\"timestamp\":1583465979111,\"lastHash\":\"430beaf66325055154fcbf52fb4248c3b386c54fd8d77d6173ac1391cbb238ea\",\"hash\":\"ddb1456454976a0252004ca259ab87dab324013e525b3e8ac07333cb67829d20\",\"data\":{\"creds\":\"1\"}},{\"timestamp\":1583465980059,\"lastHash\":\"ddb1456454976a0252004ca259ab87dab324013e525b3e8ac07333cb67829d20\",\"hash\":\"a44123ffd3f8ca34e2bcb129932dd3776a4250832b37f470f041d81a36fed07a\",\"data\":{\"creds\":\"1\"}}]","level":"info","service":"user-service"}
{"message":"[MESSAGE] [{\"timestamp\":\"my-burfd4y\",\"lastHash\":\"------\",\"hash\":\"w31c0m3\",\"data\":[]},{\"timestamp\":1583465941850,\"lastHash\":\"w31c0m3\",\"hash\":\"5d37246dabcd4075bd2396e18fa7841fb6bd17314f4326ae603f39a63e400a2d\",\"data\":{\"creds\":\"1\"}},{\"timestamp\":1583465944729,\"lastHash\":\"5d37246dabcd4075bd2396e18fa7841fb6bd17314f4326ae603f39a63e400a2d\",\"hash\":\"1eebee5703b715f5802631263c9105b4f65faf9ca84a1e4dedab7e12d2223a11\",\"data\":{\"creds\":\"1\"}},{\"timestamp\":1583465954956,\"lastHash\":\"1eebee5703b715f5802631263c9105b4f65faf9ca84a1e4dedab7e12d2223a11\",\"hash\":\"4fb3016c6bc16fd2725a55f3e635d9e7b2a61f54c62ab844a431b916e2e085b3\",\"data\":{\"creds\":\"1\"}},{\"timestamp\":1583465955497,\"lastHash\":\"4fb3016c6bc16fd2725a55f3e635d9e7b2a61f54c62ab844a431b916e2e085b3\",\"hash\":\"14e9805ba1fe77a715d3c36b7d6052e96403975ed409d2d440dc33ca7244bf1d\",\"data\":{\"creds\":\"1\"}},{\"timestamp\":1583465956065,\"lastHash\":\"14e9805ba1fe77a715d3c36b7d6052e96403975ed409d2d440dc33ca7244bf1d\",\"hash\":\"e74f8c30369004db745a8ad2def554cee6213f5c86f468451d2ff08814c9613e\",\"data\":{\"creds\":\"1\"}},{\"timestamp\":1583465977782,\"lastHash\":\"e74f8c30369004db745a8ad2def554cee6213f5c86f468451d2ff08814c9613e\",\"hash\":\"430beaf66325055154fcbf52fb4248c3b386c54fd8d77d6173ac1391cbb238ea\",\"data\":{\"creds\":\"1\"}},{\"timestamp\":1583465979111,\"lastHash\":\"430beaf66325055154fcbf52fb4248c3b386c54fd8d77d6173ac1391cbb238ea\",\"hash\":\"ddb1456454976a0252004ca259ab87dab324013e525b3e8ac07333cb67829d20\",\"data\":{\"creds\":\"1\"}},{\"timestamp\":1583465980059,\"lastHash\":\"ddb1456454976a0252004ca259ab87dab324013e525b3e8ac07333cb67829d20\",\"hash\":\"a44123ffd3f8ca34e2bcb129932dd3776a4250832b37f470f041d81a36fed07a\",\"data\":{\"creds\":\"1\"}}]","level":"info","service":"user-service"}
{"message":"Replacing blockchain with new chain.","level":"info","service":"user-service"}
{"message":"Replacing blockchain with new chain.","level":"info","service":"user-service"}
{"message":"New block added Block - \n            Timestamp: 1583466000827\n            Last Hash: a44123ffd3\n            Hash: 39c4ca27c6\n            data: [object Object]\n        ","level":"info","service":"user-service"}
{"message":"[MESSAGE] [{\"timestamp\":\"my-burfd4y\",\"lastHash\":\"------\",\"hash\":\"w31c0m3\",\"data\":[]},{\"timestamp\":1583465941850,\"lastHash\":\"w31c0m3\",\"hash\":\"5d37246dabcd4075bd2396e18fa7841fb6bd17314f4326ae603f39a63e400a2d\",\"data\":{\"creds\":\"1\"}},{\"timestamp\":1583465944729,\"lastHash\":\"5d37246dabcd4075bd2396e18fa7841fb6bd17314f4326ae603f39a63e400a2d\",\"hash\":\"1eebee5703b715f5802631263c9105b4f65faf9ca84a1e4dedab7e12d2223a11\",\"data\":{\"creds\":\"1\"}},{\"timestamp\":1583465954956,\"lastHash\":\"1eebee5703b715f5802631263c9105b4f65faf9ca84a1e4dedab7e12d2223a11\",\"hash\":\"4fb3016c6bc16fd2725a55f3e635d9e7b2a61f54c62ab844a431b916e2e085b3\",\"data\":{\"creds\":\"1\"}},{\"timestamp\":1583465955497,\"lastHash\":\"4fb3016c6bc16fd2725a55f3e635d9e7b2a61f54c62ab844a431b916e2e085b3\",\"hash\":\"14e9805ba1fe77a715d3c36b7d6052e96403975ed409d2d440dc33ca7244bf1d\",\"data\":{\"creds\":\"1\"}},{\"timestamp\":1583465956065,\"lastHash\":\"14e9805ba1fe77a715d3c36b7d6052e96403975ed409d2d440dc33ca7244bf1d\",\"hash\":\"e74f8c30369004db745a8ad2def554cee6213f5c86f468451d2ff08814c9613e\",\"data\":{\"creds\":\"1\"}},{\"timestamp\":1583465977782,\"lastHash\":\"e74f8c30369004db745a8ad2def554cee6213f5c86f468451d2ff08814c9613e\",\"hash\":\"430beaf66325055154fcbf52fb4248c3b386c54fd8d77d6173ac1391cbb238ea\",\"data\":{\"creds\":\"1\"}},{\"timestamp\":1583465979111,\"lastHash\":\"430beaf66325055154fcbf52fb4248c3b386c54fd8d77d6173ac1391cbb238ea\",\"hash\":\"ddb1456454976a0252004ca259ab87dab324013e525b3e8ac07333cb67829d20\",\"data\":{\"creds\":\"1\"}},{\"timestamp\":1583465980059,\"lastHash\":\"ddb1456454976a0252004ca259ab87dab324013e525b3e8ac07333cb67829d20\",\"hash\":\"a44123ffd3f8ca34e2bcb129932dd3776a4250832b37f470f041d81a36fed07a\",\"data\":{\"creds\":\"1\"}},{\"timestamp\":1583466000827,\"lastHash\":\"a44123ffd3f8ca34e2bcb129932dd3776a4250832b37f470f041d81a36fed07a\",\"hash\":\"39c4ca27c6fd4f8a0876e034c560ed57eaa3083981cd898727e93ed42c589599\",\"data\":{\"creds\":\"3\"}}]","level":"info","service":"user-service"}
{"message":"[MESSAGE] [{\"timestamp\":\"my-burfd4y\",\"lastHash\":\"------\",\"hash\":\"w31c0m3\",\"data\":[]},{\"timestamp\":1583465941850,\"lastHash\":\"w31c0m3\",\"hash\":\"5d37246dabcd4075bd2396e18fa7841fb6bd17314f4326ae603f39a63e400a2d\",\"data\":{\"creds\":\"1\"}},{\"timestamp\":1583465944729,\"lastHash\":\"5d37246dabcd4075bd2396e18fa7841fb6bd17314f4326ae603f39a63e400a2d\",\"hash\":\"1eebee5703b715f5802631263c9105b4f65faf9ca84a1e4dedab7e12d2223a11\",\"data\":{\"creds\":\"1\"}},{\"timestamp\":1583465954956,\"lastHash\":\"1eebee5703b715f5802631263c9105b4f65faf9ca84a1e4dedab7e12d2223a11\",\"hash\":\"4fb3016c6bc16fd2725a55f3e635d9e7b2a61f54c62ab844a431b916e2e085b3\",\"data\":{\"creds\":\"1\"}},{\"timestamp\":1583465955497,\"lastHash\":\"4fb3016c6bc16fd2725a55f3e635d9e7b2a61f54c62ab844a431b916e2e085b3\",\"hash\":\"14e9805ba1fe77a715d3c36b7d6052e96403975ed409d2d440dc33ca7244bf1d\",\"data\":{\"creds\":\"1\"}},{\"timestamp\":1583465956065,\"lastHash\":\"14e9805ba1fe77a715d3c36b7d6052e96403975ed409d2d440dc33ca7244bf1d\",\"hash\":\"e74f8c30369004db745a8ad2def554cee6213f5c86f468451d2ff08814c9613e\",\"data\":{\"creds\":\"1\"}},{\"timestamp\":1583465977782,\"lastHash\":\"e74f8c30369004db745a8ad2def554cee6213f5c86f468451d2ff08814c9613e\",\"hash\":\"430beaf66325055154fcbf52fb4248c3b386c54fd8d77d6173ac1391cbb238ea\",\"data\":{\"creds\":\"1\"}},{\"timestamp\":1583465979111,\"lastHash\":\"430beaf66325055154fcbf52fb4248c3b386c54fd8d77d6173ac1391cbb238ea\",\"hash\":\"ddb1456454976a0252004ca259ab87dab324013e525b3e8ac07333cb67829d20\",\"data\":{\"creds\":\"1\"}},{\"timestamp\":1583465980059,\"lastHash\":\"ddb1456454976a0252004ca259ab87dab324013e525b3e8ac07333cb67829d20\",\"hash\":\"a44123ffd3f8ca34e2bcb129932dd3776a4250832b37f470f041d81a36fed07a\",\"data\":{\"creds\":\"1\"}},{\"timestamp\":1583466000827,\"lastHash\":\"a44123ffd3f8ca34e2bcb129932dd3776a4250832b37f470f041d81a36fed07a\",\"hash\":\"39c4ca27c6fd4f8a0876e034c560ed57eaa3083981cd898727e93ed42c589599\",\"data\":{\"creds\":\"3\"}}]","level":"info","service":"user-service"}
{"message":"Replacing blockchain with new chain.","level":"info","service":"user-service"}
{"message":"Replacing blockchain with new chain.","level":"info","service":"user-service"}
{"message":"New block added Block - \n            Timestamp: 1583466001509\n            Last Hash: 39c4ca27c6\n            Hash: a6ebe09505\n            data: [object Object]\n        ","level":"info","service":"user-service"}
{"message":"[MESSAGE] [{\"timestamp\":\"my-burfd4y\",\"lastHash\":\"------\",\"hash\":\"w31c0m3\",\"data\":[]},{\"timestamp\":1583465941850,\"lastHash\":\"w31c0m3\",\"hash\":\"5d37246dabcd4075bd2396e18fa7841fb6bd17314f4326ae603f39a63e400a2d\",\"data\":{\"creds\":\"1\"}},{\"timestamp\":1583465944729,\"lastHash\":\"5d37246dabcd4075bd2396e18fa7841fb6bd17314f4326ae603f39a63e400a2d\",\"hash\":\"1eebee5703b715f5802631263c9105b4f65faf9ca84a1e4dedab7e12d2223a11\",\"data\":{\"creds\":\"1\"}},{\"timestamp\":1583465954956,\"lastHash\":\"1eebee5703b715f5802631263c9105b4f65faf9ca84a1e4dedab7e12d2223a11\",\"hash\":\"4fb3016c6bc16fd2725a55f3e635d9e7b2a61f54c62ab844a431b916e2e085b3\",\"data\":{\"creds\":\"1\"}},{\"timestamp\":1583465955497,\"lastHash\":\"4fb3016c6bc16fd2725a55f3e635d9e7b2a61f54c62ab844a431b916e2e085b3\",\"hash\":\"14e9805ba1fe77a715d3c36b7d6052e96403975ed409d2d440dc33ca7244bf1d\",\"data\":{\"creds\":\"1\"}},{\"timestamp\":1583465956065,\"lastHash\":\"14e9805ba1fe77a715d3c36b7d6052e96403975ed409d2d440dc33ca7244bf1d\",\"hash\":\"e74f8c30369004db745a8ad2def554cee6213f5c86f468451d2ff08814c9613e\",\"data\":{\"creds\":\"1\"}},{\"timestamp\":1583465977782,\"lastHash\":\"e74f8c30369004db745a8ad2def554cee6213f5c86f468451d2ff08814c9613e\",\"hash\":\"430beaf66325055154fcbf52fb4248c3b386c54fd8d77d6173ac1391cbb238ea\",\"data\":{\"creds\":\"1\"}},{\"timestamp\":1583465979111,\"lastHash\":\"430beaf66325055154fcbf52fb4248c3b386c54fd8d77d6173ac1391cbb238ea\",\"hash\":\"ddb1456454976a0252004ca259ab87dab324013e525b3e8ac07333cb67829d20\",\"data\":{\"creds\":\"1\"}},{\"timestamp\":1583465980059,\"lastHash\":\"ddb1456454976a0252004ca259ab87dab324013e525b3e8ac07333cb67829d20\",\"hash\":\"a44123ffd3f8ca34e2bcb129932dd3776a4250832b37f470f041d81a36fed07a\",\"data\":{\"creds\":\"1\"}},{\"timestamp\":1583466000827,\"lastHash\":\"a44123ffd3f8ca34e2bcb129932dd3776a4250832b37f470f041d81a36fed07a\",\"hash\":\"39c4ca27c6fd4f8a0876e034c560ed57eaa3083981cd898727e93ed42c589599\",\"data\":{\"creds\":\"3\"}},{\"timestamp\":1583466001509,\"lastHash\":\"39c4ca27c6fd4f8a0876e034c560ed57eaa3083981cd898727e93ed42c589599\",\"hash\":\"a6ebe09505b595511c9d2b77b56d815c13549d2c61ad3b3f2d1bf376e6c152f7\",\"data\":{\"creds\":\"3\"}}]","level":"info","service":"user-service"}
{"message":"[MESSAGE] [{\"timestamp\":\"my-burfd4y\",\"lastHash\":\"------\",\"hash\":\"w31c0m3\",\"data\":[]},{\"timestamp\":1583465941850,\"lastHash\":\"w31c0m3\",\"hash\":\"5d37246dabcd4075bd2396e18fa7841fb6bd17314f4326ae603f39a63e400a2d\",\"data\":{\"creds\":\"1\"}},{\"timestamp\":1583465944729,\"lastHash\":\"5d37246dabcd4075bd2396e18fa7841fb6bd17314f4326ae603f39a63e400a2d\",\"hash\":\"1eebee5703b715f5802631263c9105b4f65faf9ca84a1e4dedab7e12d2223a11\",\"data\":{\"creds\":\"1\"}},{\"timestamp\":1583465954956,\"lastHash\":\"1eebee5703b715f5802631263c9105b4f65faf9ca84a1e4dedab7e12d2223a11\",\"hash\":\"4fb3016c6bc16fd2725a55f3e635d9e7b2a61f54c62ab844a431b916e2e085b3\",\"data\":{\"creds\":\"1\"}},{\"timestamp\":1583465955497,\"lastHash\":\"4fb3016c6bc16fd2725a55f3e635d9e7b2a61f54c62ab844a431b916e2e085b3\",\"hash\":\"14e9805ba1fe77a715d3c36b7d6052e96403975ed409d2d440dc33ca7244bf1d\",\"data\":{\"creds\":\"1\"}},{\"timestamp\":1583465956065,\"lastHash\":\"14e9805ba1fe77a715d3c36b7d6052e96403975ed409d2d440dc33ca7244bf1d\",\"hash\":\"e74f8c30369004db745a8ad2def554cee6213f5c86f468451d2ff08814c9613e\",\"data\":{\"creds\":\"1\"}},{\"timestamp\":1583465977782,\"lastHash\":\"e74f8c30369004db745a8ad2def554cee6213f5c86f468451d2ff08814c9613e\",\"hash\":\"430beaf66325055154fcbf52fb4248c3b386c54fd8d77d6173ac1391cbb238ea\",\"data\":{\"creds\":\"1\"}},{\"timestamp\":1583465979111,\"lastHash\":\"430beaf66325055154fcbf52fb4248c3b386c54fd8d77d6173ac1391cbb238ea\",\"hash\":\"ddb1456454976a0252004ca259ab87dab324013e525b3e8ac07333cb67829d20\",\"data\":{\"creds\":\"1\"}},{\"timestamp\":1583465980059,\"lastHash\":\"ddb1456454976a0252004ca259ab87dab324013e525b3e8ac07333cb67829d20\",\"hash\":\"a44123ffd3f8ca34e2bcb129932dd3776a4250832b37f470f041d81a36fed07a\",\"data\":{\"creds\":\"1\"}},{\"timestamp\":1583466000827,\"lastHash\":\"a44123ffd3f8ca34e2bcb129932dd3776a4250832b37f470f041d81a36fed07a\",\"hash\":\"39c4ca27c6fd4f8a0876e034c560ed57eaa3083981cd898727e93ed42c589599\",\"data\":{\"creds\":\"3\"}},{\"timestamp\":1583466001509,\"lastHash\":\"39c4ca27c6fd4f8a0876e034c560ed57eaa3083981cd898727e93ed42c589599\",\"hash\":\"a6ebe09505b595511c9d2b77b56d815c13549d2c61ad3b3f2d1bf376e6c152f7\",\"data\":{\"creds\":\"3\"}}]","level":"info","service":"user-service"}
{"message":"Replacing blockchain with new chain.","level":"info","service":"user-service"}
{"message":"Replacing blockchain with new chain.","level":"info","service":"user-service"}
{"message":"New block added Block - \n            Timestamp: 1583466001919\n            Last Hash: a6ebe09505\n            Hash: 69e1dfa5ae\n            data: [object Object]\n        ","level":"info","service":"user-service"}
{"message":"[MESSAGE] [{\"timestamp\":\"my-burfd4y\",\"lastHash\":\"------\",\"hash\":\"w31c0m3\",\"data\":[]},{\"timestamp\":1583465941850,\"lastHash\":\"w31c0m3\",\"hash\":\"5d37246dabcd4075bd2396e18fa7841fb6bd17314f4326ae603f39a63e400a2d\",\"data\":{\"creds\":\"1\"}},{\"timestamp\":1583465944729,\"lastHash\":\"5d37246dabcd4075bd2396e18fa7841fb6bd17314f4326ae603f39a63e400a2d\",\"hash\":\"1eebee5703b715f5802631263c9105b4f65faf9ca84a1e4dedab7e12d2223a11\",\"data\":{\"creds\":\"1\"}},{\"timestamp\":1583465954956,\"lastHash\":\"1eebee5703b715f5802631263c9105b4f65faf9ca84a1e4dedab7e12d2223a11\",\"hash\":\"4fb3016c6bc16fd2725a55f3e635d9e7b2a61f54c62ab844a431b916e2e085b3\",\"data\":{\"creds\":\"1\"}},{\"timestamp\":1583465955497,\"lastHash\":\"4fb3016c6bc16fd2725a55f3e635d9e7b2a61f54c62ab844a431b916e2e085b3\",\"hash\":\"14e9805ba1fe77a715d3c36b7d6052e96403975ed409d2d440dc33ca7244bf1d\",\"data\":{\"creds\":\"1\"}},{\"timestamp\":1583465956065,\"lastHash\":\"14e9805ba1fe77a715d3c36b7d6052e96403975ed409d2d440dc33ca7244bf1d\",\"hash\":\"e74f8c30369004db745a8ad2def554cee6213f5c86f468451d2ff08814c9613e\",\"data\":{\"creds\":\"1\"}},{\"timestamp\":1583465977782,\"lastHash\":\"e74f8c30369004db745a8ad2def554cee6213f5c86f468451d2ff08814c9613e\",\"hash\":\"430beaf66325055154fcbf52fb4248c3b386c54fd8d77d6173ac1391cbb238ea\",\"data\":{\"creds\":\"1\"}},{\"timestamp\":1583465979111,\"lastHash\":\"430beaf66325055154fcbf52fb4248c3b386c54fd8d77d6173ac1391cbb238ea\",\"hash\":\"ddb1456454976a0252004ca259ab87dab324013e525b3e8ac07333cb67829d20\",\"data\":{\"creds\":\"1\"}},{\"timestamp\":1583465980059,\"lastHash\":\"ddb1456454976a0252004ca259ab87dab324013e525b3e8ac07333cb67829d20\",\"hash\":\"a44123ffd3f8ca34e2bcb129932dd3776a4250832b37f470f041d81a36fed07a\",\"data\":{\"creds\":\"1\"}},{\"timestamp\":1583466000827,\"lastHash\":\"a44123ffd3f8ca34e2bcb129932dd3776a4250832b37f470f041d81a36fed07a\",\"hash\":\"39c4ca27c6fd4f8a0876e034c560ed57eaa3083981cd898727e93ed42c589599\",\"data\":{\"creds\":\"3\"}},{\"timestamp\":1583466001509,\"lastHash\":\"39c4ca27c6fd4f8a0876e034c560ed57eaa3083981cd898727e93ed42c589599\",\"hash\":\"a6ebe09505b595511c9d2b77b56d815c13549d2c61ad3b3f2d1bf376e6c152f7\",\"data\":{\"creds\":\"3\"}},{\"timestamp\":1583466001919,\"lastHash\":\"a6ebe09505b595511c9d2b77b56d815c13549d2c61ad3b3f2d1bf376e6c152f7\",\"hash\":\"69e1dfa5aebd95f8cd3fcfc2cf2e1549c23ec65d65b4908d781961a0497c01da\",\"data\":{\"creds\":\"3\"}}]","level":"info","service":"user-service"}
{"message":"[MESSAGE] [{\"timestamp\":\"my-burfd4y\",\"lastHash\":\"------\",\"hash\":\"w31c0m3\",\"data\":[]},{\"timestamp\":1583465941850,\"lastHash\":\"w31c0m3\",\"hash\":\"5d37246dabcd4075bd2396e18fa7841fb6bd17314f4326ae603f39a63e400a2d\",\"data\":{\"creds\":\"1\"}},{\"timestamp\":1583465944729,\"lastHash\":\"5d37246dabcd4075bd2396e18fa7841fb6bd17314f4326ae603f39a63e400a2d\",\"hash\":\"1eebee5703b715f5802631263c9105b4f65faf9ca84a1e4dedab7e12d2223a11\",\"data\":{\"creds\":\"1\"}},{\"timestamp\":1583465954956,\"lastHash\":\"1eebee5703b715f5802631263c9105b4f65faf9ca84a1e4dedab7e12d2223a11\",\"hash\":\"4fb3016c6bc16fd2725a55f3e635d9e7b2a61f54c62ab844a431b916e2e085b3\",\"data\":{\"creds\":\"1\"}},{\"timestamp\":1583465955497,\"lastHash\":\"4fb3016c6bc16fd2725a55f3e635d9e7b2a61f54c62ab844a431b916e2e085b3\",\"hash\":\"14e9805ba1fe77a715d3c36b7d6052e96403975ed409d2d440dc33ca7244bf1d\",\"data\":{\"creds\":\"1\"}},{\"timestamp\":1583465956065,\"lastHash\":\"14e9805ba1fe77a715d3c36b7d6052e96403975ed409d2d440dc33ca7244bf1d\",\"hash\":\"e74f8c30369004db745a8ad2def554cee6213f5c86f468451d2ff08814c9613e\",\"data\":{\"creds\":\"1\"}},{\"timestamp\":1583465977782,\"lastHash\":\"e74f8c30369004db745a8ad2def554cee6213f5c86f468451d2ff08814c9613e\",\"hash\":\"430beaf66325055154fcbf52fb4248c3b386c54fd8d77d6173ac1391cbb238ea\",\"data\":{\"creds\":\"1\"}},{\"timestamp\":1583465979111,\"lastHash\":\"430beaf66325055154fcbf52fb4248c3b386c54fd8d77d6173ac1391cbb238ea\",\"hash\":\"ddb1456454976a0252004ca259ab87dab324013e525b3e8ac07333cb67829d20\",\"data\":{\"creds\":\"1\"}},{\"timestamp\":1583465980059,\"lastHash\":\"ddb1456454976a0252004ca259ab87dab324013e525b3e8ac07333cb67829d20\",\"hash\":\"a44123ffd3f8ca34e2bcb129932dd3776a4250832b37f470f041d81a36fed07a\",\"data\":{\"creds\":\"1\"}},{\"timestamp\":1583466000827,\"lastHash\":\"a44123ffd3f8ca34e2bcb129932dd3776a4250832b37f470f041d81a36fed07a\",\"hash\":\"39c4ca27c6fd4f8a0876e034c560ed57eaa3083981cd898727e93ed42c589599\",\"data\":{\"creds\":\"3\"}},{\"timestamp\":1583466001509,\"lastHash\":\"39c4ca27c6fd4f8a0876e034c560ed57eaa3083981cd898727e93ed42c589599\",\"hash\":\"a6ebe09505b595511c9d2b77b56d815c13549d2c61ad3b3f2d1bf376e6c152f7\",\"data\":{\"creds\":\"3\"}},{\"timestamp\":1583466001919,\"lastHash\":\"a6ebe09505b595511c9d2b77b56d815c13549d2c61ad3b3f2d1bf376e6c152f7\",\"hash\":\"69e1dfa5aebd95f8cd3fcfc2cf2e1549c23ec65d65b4908d781961a0497c01da\",\"data\":{\"creds\":\"3\"}}]","level":"info","service":"user-service"}
{"message":"Replacing blockchain with new chain.","level":"info","service":"user-service"}
{"message":"Replacing blockchain with new chain.","level":"info","service":"user-service"}
{"message":"[STARTED] WebSockets, listening for P2P connections on: 5002","level":"info","service":"user-service"}
{"message":"[STARTED] Blockchain application, listening on port 3002","level":"info","service":"user-service"}
{"message":"Socket connected.","level":"info","service":"user-service"}
{"message":"Socket connected.","level":"info","service":"user-service"}
{"message":"[MESSAGE] [{\"timestamp\":\"my-burfd4y\",\"lastHash\":\"------\",\"hash\":\"w31c0m3\",\"data\":[]}]","level":"info","service":"user-service"}
{"message":"New chain supplied was not long enough to replace current chain.","level":"error","service":"user-service"}
{"message":"[MESSAGE] [{\"timestamp\":\"my-burfd4y\",\"lastHash\":\"------\",\"hash\":\"w31c0m3\",\"data\":[]},{\"timestamp\":1583465941850,\"lastHash\":\"w31c0m3\",\"hash\":\"5d37246dabcd4075bd2396e18fa7841fb6bd17314f4326ae603f39a63e400a2d\",\"data\":{\"creds\":\"1\"}},{\"timestamp\":1583465944729,\"lastHash\":\"5d37246dabcd4075bd2396e18fa7841fb6bd17314f4326ae603f39a63e400a2d\",\"hash\":\"1eebee5703b715f5802631263c9105b4f65faf9ca84a1e4dedab7e12d2223a11\",\"data\":{\"creds\":\"1\"}},{\"timestamp\":1583465954956,\"lastHash\":\"1eebee5703b715f5802631263c9105b4f65faf9ca84a1e4dedab7e12d2223a11\",\"hash\":\"4fb3016c6bc16fd2725a55f3e635d9e7b2a61f54c62ab844a431b916e2e085b3\",\"data\":{\"creds\":\"1\"}},{\"timestamp\":1583465955497,\"lastHash\":\"4fb3016c6bc16fd2725a55f3e635d9e7b2a61f54c62ab844a431b916e2e085b3\",\"hash\":\"14e9805ba1fe77a715d3c36b7d6052e96403975ed409d2d440dc33ca7244bf1d\",\"data\":{\"creds\":\"1\"}},{\"timestamp\":1583465956065,\"lastHash\":\"14e9805ba1fe77a715d3c36b7d6052e96403975ed409d2d440dc33ca7244bf1d\",\"hash\":\"e74f8c30369004db745a8ad2def554cee6213f5c86f468451d2ff08814c9613e\",\"data\":{\"creds\":\"1\"}},{\"timestamp\":1583465977782,\"lastHash\":\"e74f8c30369004db745a8ad2def554cee6213f5c86f468451d2ff08814c9613e\",\"hash\":\"430beaf66325055154fcbf52fb4248c3b386c54fd8d77d6173ac1391cbb238ea\",\"data\":{\"creds\":\"1\"}},{\"timestamp\":1583465979111,\"lastHash\":\"430beaf66325055154fcbf52fb4248c3b386c54fd8d77d6173ac1391cbb238ea\",\"hash\":\"ddb1456454976a0252004ca259ab87dab324013e525b3e8ac07333cb67829d20\",\"data\":{\"creds\":\"1\"}},{\"timestamp\":1583465980059,\"lastHash\":\"ddb1456454976a0252004ca259ab87dab324013e525b3e8ac07333cb67829d20\",\"hash\":\"a44123ffd3f8ca34e2bcb129932dd3776a4250832b37f470f041d81a36fed07a\",\"data\":{\"creds\":\"1\"}},{\"timestamp\":1583466000827,\"lastHash\":\"a44123ffd3f8ca34e2bcb129932dd3776a4250832b37f470f041d81a36fed07a\",\"hash\":\"39c4ca27c6fd4f8a0876e034c560ed57eaa3083981cd898727e93ed42c589599\",\"data\":{\"creds\":\"3\"}},{\"timestamp\":1583466001509,\"lastHash\":\"39c4ca27c6fd4f8a0876e034c560ed57eaa3083981cd898727e93ed42c589599\",\"hash\":\"a6ebe09505b595511c9d2b77b56d815c13549d2c61ad3b3f2d1bf376e6c152f7\",\"data\":{\"creds\":\"3\"}},{\"timestamp\":1583466001919,\"lastHash\":\"a6ebe09505b595511c9d2b77b56d815c13549d2c61ad3b3f2d1bf376e6c152f7\",\"hash\":\"69e1dfa5aebd95f8cd3fcfc2cf2e1549c23ec65d65b4908d781961a0497c01da\",\"data\":{\"creds\":\"3\"}}]","level":"info","service":"user-service"}
{"message":"Replacing blockchain with new chain.","level":"info","service":"user-service"}
{"message":"[STARTED] WebSockets, listening for P2P connections on: 5003","level":"info","service":"user-service"}
{"message":"[STARTED] Blockchain application, listening on port 3003","level":"info","service":"user-service"}
{"message":"Socket connected.","level":"info","service":"user-service"}
{"message":"Socket connected.","level":"info","service":"user-service"}
{"message":"[MESSAGE] [{\"timestamp\":\"my-burfd4y\",\"lastHash\":\"------\",\"hash\":\"w31c0m3\",\"data\":[]}]","level":"info","service":"user-service"}
{"message":"Socket connected.","level":"info","service":"user-service"}
{"message":"New chain supplied was not long enough to replace current chain.","level":"error","service":"user-service"}
{"message":"[MESSAGE] [{\"timestamp\":\"my-burfd4y\",\"lastHash\":\"------\",\"hash\":\"w31c0m3\",\"data\":[]},{\"timestamp\":1583465941850,\"lastHash\":\"w31c0m3\",\"hash\":\"5d37246dabcd4075bd2396e18fa7841fb6bd17314f4326ae603f39a63e400a2d\",\"data\":{\"creds\":\"1\"}},{\"timestamp\":1583465944729,\"lastHash\":\"5d37246dabcd4075bd2396e18fa7841fb6bd17314f4326ae603f39a63e400a2d\",\"hash\":\"1eebee5703b715f5802631263c9105b4f65faf9ca84a1e4dedab7e12d2223a11\",\"data\":{\"creds\":\"1\"}},{\"timestamp\":1583465954956,\"lastHash\":\"1eebee5703b715f5802631263c9105b4f65faf9ca84a1e4dedab7e12d2223a11\",\"hash\":\"4fb3016c6bc16fd2725a55f3e635d9e7b2a61f54c62ab844a431b916e2e085b3\",\"data\":{\"creds\":\"1\"}},{\"timestamp\":1583465955497,\"lastHash\":\"4fb3016c6bc16fd2725a55f3e635d9e7b2a61f54c62ab844a431b916e2e085b3\",\"hash\":\"14e9805ba1fe77a715d3c36b7d6052e96403975ed409d2d440dc33ca7244bf1d\",\"data\":{\"creds\":\"1\"}},{\"timestamp\":1583465956065,\"lastHash\":\"14e9805ba1fe77a715d3c36b7d6052e96403975ed409d2d440dc33ca7244bf1d\",\"hash\":\"e74f8c30369004db745a8ad2def554cee6213f5c86f468451d2ff08814c9613e\",\"data\":{\"creds\":\"1\"}},{\"timestamp\":1583465977782,\"lastHash\":\"e74f8c30369004db745a8ad2def554cee6213f5c86f468451d2ff08814c9613e\",\"hash\":\"430beaf66325055154fcbf52fb4248c3b386c54fd8d77d6173ac1391cbb238ea\",\"data\":{\"creds\":\"1\"}},{\"timestamp\":1583465979111,\"lastHash\":\"430beaf66325055154fcbf52fb4248c3b386c54fd8d77d6173ac1391cbb238ea\",\"hash\":\"ddb1456454976a0252004ca259ab87dab324013e525b3e8ac07333cb67829d20\",\"data\":{\"creds\":\"1\"}},{\"timestamp\":1583465980059,\"lastHash\":\"ddb1456454976a0252004ca259ab87dab324013e525b3e8ac07333cb67829d20\",\"hash\":\"a44123ffd3f8ca34e2bcb129932dd3776a4250832b37f470f041d81a36fed07a\",\"data\":{\"creds\":\"1\"}},{\"timestamp\":1583466000827,\"lastHash\":\"a44123ffd3f8ca34e2bcb129932dd3776a4250832b37f470f041d81a36fed07a\",\"hash\":\"39c4ca27c6fd4f8a0876e034c560ed57eaa3083981cd898727e93ed42c589599\",\"data\":{\"creds\":\"3\"}},{\"timestamp\":1583466001509,\"lastHash\":\"39c4ca27c6fd4f8a0876e034c560ed57eaa3083981cd898727e93ed42c589599\",\"hash\":\"a6ebe09505b595511c9d2b77b56d815c13549d2c61ad3b3f2d1bf376e6c152f7\",\"data\":{\"creds\":\"3\"}},{\"timestamp\":1583466001919,\"lastHash\":\"a6ebe09505b595511c9d2b77b56d815c13549d2c61ad3b3f2d1bf376e6c152f7\",\"hash\":\"69e1dfa5aebd95f8cd3fcfc2cf2e1549c23ec65d65b4908d781961a0497c01da\",\"data\":{\"creds\":\"3\"}}]","level":"info","service":"user-service"}
{"message":"[MESSAGE] [{\"timestamp\":\"my-burfd4y\",\"lastHash\":\"------\",\"hash\":\"w31c0m3\",\"data\":[]},{\"timestamp\":1583465941850,\"lastHash\":\"w31c0m3\",\"hash\":\"5d37246dabcd4075bd2396e18fa7841fb6bd17314f4326ae603f39a63e400a2d\",\"data\":{\"creds\":\"1\"}},{\"timestamp\":1583465944729,\"lastHash\":\"5d37246dabcd4075bd2396e18fa7841fb6bd17314f4326ae603f39a63e400a2d\",\"hash\":\"1eebee5703b715f5802631263c9105b4f65faf9ca84a1e4dedab7e12d2223a11\",\"data\":{\"creds\":\"1\"}},{\"timestamp\":1583465954956,\"lastHash\":\"1eebee5703b715f5802631263c9105b4f65faf9ca84a1e4dedab7e12d2223a11\",\"hash\":\"4fb3016c6bc16fd2725a55f3e635d9e7b2a61f54c62ab844a431b916e2e085b3\",\"data\":{\"creds\":\"1\"}},{\"timestamp\":1583465955497,\"lastHash\":\"4fb3016c6bc16fd2725a55f3e635d9e7b2a61f54c62ab844a431b916e2e085b3\",\"hash\":\"14e9805ba1fe77a715d3c36b7d6052e96403975ed409d2d440dc33ca7244bf1d\",\"data\":{\"creds\":\"1\"}},{\"timestamp\":1583465956065,\"lastHash\":\"14e9805ba1fe77a715d3c36b7d6052e96403975ed409d2d440dc33ca7244bf1d\",\"hash\":\"e74f8c30369004db745a8ad2def554cee6213f5c86f468451d2ff08814c9613e\",\"data\":{\"creds\":\"1\"}},{\"timestamp\":1583465977782,\"lastHash\":\"e74f8c30369004db745a8ad2def554cee6213f5c86f468451d2ff08814c9613e\",\"hash\":\"430beaf66325055154fcbf52fb4248c3b386c54fd8d77d6173ac1391cbb238ea\",\"data\":{\"creds\":\"1\"}},{\"timestamp\":1583465979111,\"lastHash\":\"430beaf66325055154fcbf52fb4248c3b386c54fd8d77d6173ac1391cbb238ea\",\"hash\":\"ddb1456454976a0252004ca259ab87dab324013e525b3e8ac07333cb67829d20\",\"data\":{\"creds\":\"1\"}},{\"timestamp\":1583465980059,\"lastHash\":\"ddb1456454976a0252004ca259ab87dab324013e525b3e8ac07333cb67829d20\",\"hash\":\"a44123ffd3f8ca34e2bcb129932dd3776a4250832b37f470f041d81a36fed07a\",\"data\":{\"creds\":\"1\"}},{\"timestamp\":1583466000827,\"lastHash\":\"a44123ffd3f8ca34e2bcb129932dd3776a4250832b37f470f041d81a36fed07a\",\"hash\":\"39c4ca27c6fd4f8a0876e034c560ed57eaa3083981cd898727e93ed42c589599\",\"data\":{\"creds\":\"3\"}},{\"timestamp\":1583466001509,\"lastHash\":\"39c4ca27c6fd4f8a0876e034c560ed57eaa3083981cd898727e93ed42c589599\",\"hash\":\"a6ebe09505b595511c9d2b77b56d815c13549d2c61ad3b3f2d1bf376e6c152f7\",\"data\":{\"creds\":\"3\"}},{\"timestamp\":1583466001919,\"lastHash\":\"a6ebe09505b595511c9d2b77b56d815c13549d2c61ad3b3f2d1bf376e6c152f7\",\"hash\":\"69e1dfa5aebd95f8cd3fcfc2cf2e1549c23ec65d65b4908d781961a0497c01da\",\"data\":{\"creds\":\"3\"}}]","level":"info","service":"user-service"}
{"message":"Replacing blockchain with new chain.","level":"info","service":"user-service"}
{"message":"Socket connected.","level":"info","service":"user-service"}
{"message":"[MESSAGE] [{\"timestamp\":\"my-burfd4y\",\"lastHash\":\"------\",\"hash\":\"w31c0m3\",\"data\":[]},{\"timestamp\":1583465941850,\"lastHash\":\"w31c0m3\",\"hash\":\"5d37246dabcd4075bd2396e18fa7841fb6bd17314f4326ae603f39a63e400a2d\",\"data\":{\"creds\":\"1\"}},{\"timestamp\":1583465944729,\"lastHash\":\"5d37246dabcd4075bd2396e18fa7841fb6bd17314f4326ae603f39a63e400a2d\",\"hash\":\"1eebee5703b715f5802631263c9105b4f65faf9ca84a1e4dedab7e12d2223a11\",\"data\":{\"creds\":\"1\"}},{\"timestamp\":1583465954956,\"lastHash\":\"1eebee5703b715f5802631263c9105b4f65faf9ca84a1e4dedab7e12d2223a11\",\"hash\":\"4fb3016c6bc16fd2725a55f3e635d9e7b2a61f54c62ab844a431b916e2e085b3\",\"data\":{\"creds\":\"1\"}},{\"timestamp\":1583465955497,\"lastHash\":\"4fb3016c6bc16fd2725a55f3e635d9e7b2a61f54c62ab844a431b916e2e085b3\",\"hash\":\"14e9805ba1fe77a715d3c36b7d6052e96403975ed409d2d440dc33ca7244bf1d\",\"data\":{\"creds\":\"1\"}},{\"timestamp\":1583465956065,\"lastHash\":\"14e9805ba1fe77a715d3c36b7d6052e96403975ed409d2d440dc33ca7244bf1d\",\"hash\":\"e74f8c30369004db745a8ad2def554cee6213f5c86f468451d2ff08814c9613e\",\"data\":{\"creds\":\"1\"}},{\"timestamp\":1583465977782,\"lastHash\":\"e74f8c30369004db745a8ad2def554cee6213f5c86f468451d2ff08814c9613e\",\"hash\":\"430beaf66325055154fcbf52fb4248c3b386c54fd8d77d6173ac1391cbb238ea\",\"data\":{\"creds\":\"1\"}},{\"timestamp\":1583465979111,\"lastHash\":\"430beaf66325055154fcbf52fb4248c3b386c54fd8d77d6173ac1391cbb238ea\",\"hash\":\"ddb1456454976a0252004ca259ab87dab324013e525b3e8ac07333cb67829d20\",\"data\":{\"creds\":\"1\"}},{\"timestamp\":1583465980059,\"lastHash\":\"ddb1456454976a0252004ca259ab87dab324013e525b3e8ac07333cb67829d20\",\"hash\":\"a44123ffd3f8ca34e2bcb129932dd3776a4250832b37f470f041d81a36fed07a\",\"data\":{\"creds\":\"1\"}},{\"timestamp\":1583466000827,\"lastHash\":\"a44123ffd3f8ca34e2bcb129932dd3776a4250832b37f470f041d81a36fed07a\",\"hash\":\"39c4ca27c6fd4f8a0876e034c560ed57eaa3083981cd898727e93ed42c589599\",\"data\":{\"creds\":\"3\"}},{\"timestamp\":1583466001509,\"lastHash\":\"39c4ca27c6fd4f8a0876e034c560ed57eaa3083981cd898727e93ed42c589599\",\"hash\":\"a6ebe09505b595511c9d2b77b56d815c13549d2c61ad3b3f2d1bf376e6c152f7\",\"data\":{\"creds\":\"3\"}},{\"timestamp\":1583466001919,\"lastHash\":\"a6ebe09505b595511c9d2b77b56d815c13549d2c61ad3b3f2d1bf376e6c152f7\",\"hash\":\"69e1dfa5aebd95f8cd3fcfc2cf2e1549c23ec65d65b4908d781961a0497c01da\",\"data\":{\"creds\":\"3\"}}]","level":"info","service":"user-service"}
{"message":"New chain supplied was not long enough to replace current chain.","level":"error","service":"user-service"}
{"message":"New chain supplied was not long enough to replace current chain.","level":"error","service":"user-service"}
{"message":"[STARTED] WebSockets, listening for P2P connections on: 5001","level":"info","service":"user-service"}
{"message":"[STARTED] Blockchain application, listening on port 3001","level":"info","service":"user-service"}
{"message":"[STARTED] WebSockets, listening for P2P connections on: 5002","level":"info","service":"user-service"}
{"message":"[STARTED] Blockchain application, listening on port 3002","level":"info","service":"user-service"}
{"message":"Socket connected.","level":"info","service":"user-service"}
{"message":"Socket connected.","level":"info","service":"user-service"}
{"message":"[MESSAGE] [{\"timestamp\":\"my-burfd4y\",\"lastHash\":\"------\",\"hash\":\"w31c0m3\",\"data\":[]}]","level":"info","service":"user-service"}
{"message":"[MESSAGE] [{\"timestamp\":\"my-burfd4y\",\"lastHash\":\"------\",\"hash\":\"w31c0m3\",\"data\":[]}]","level":"info","service":"user-service"}
{"message":"New chain supplied was not long enough to replace current chain.","level":"error","service":"user-service"}
{"message":"New chain supplied was not long enough to replace current chain.","level":"error","service":"user-service"}
{"message":"New block added Block - \n            Timestamp: 1583605450758\n            Last Hash: w31c0m3\n            Hash: 485cfa846c\n            data: [object Object]\n        ","level":"info","service":"user-service"}
{"message":"[MESSAGE] [{\"timestamp\":\"my-burfd4y\",\"lastHash\":\"------\",\"hash\":\"w31c0m3\",\"data\":[]},{\"timestamp\":1583605450758,\"lastHash\":\"w31c0m3\",\"hash\":\"485cfa846c2280abe2273c19a25edaeb7bb1bf626e4aeaf4042ab5ef9f266d77\",\"data\":{\"creds\":\"1\"}}]","level":"info","service":"user-service"}
{"message":"Replacing blockchain with new chain.","level":"info","service":"user-service"}
{"message":"New block added Block - \n            Timestamp: 1583605466526\n            Last Hash: 485cfa846c\n            Hash: e8141f9645\n            data: [object Object]\n        ","level":"info","service":"user-service"}
{"message":"[MESSAGE] [{\"timestamp\":\"my-burfd4y\",\"lastHash\":\"------\",\"hash\":\"w31c0m3\",\"data\":[]},{\"timestamp\":1583605450758,\"lastHash\":\"w31c0m3\",\"hash\":\"485cfa846c2280abe2273c19a25edaeb7bb1bf626e4aeaf4042ab5ef9f266d77\",\"data\":{\"creds\":\"1\"}},{\"timestamp\":1583605466526,\"lastHash\":\"485cfa846c2280abe2273c19a25edaeb7bb1bf626e4aeaf4042ab5ef9f266d77\",\"hash\":\"e8141f9645601647b8ff6665e9605689aa3e252d2818d18b8da5aa714edccb64\",\"data\":{\"creds\":\"2\"}}]","level":"info","service":"user-service"}
{"message":"Replacing blockchain with new chain.","level":"info","service":"user-service"}
